16/04/2015 15:27:06 marking host ('127.0.0.1', 8002) down ([Failure instance: Traceback (failure with no frames): <class 'twisted.internet.error.ConnectionRefusedError'>: Connection was refused by other side: 61: Connection refused.
])
16/04/2015 15:27:06 retrying with ('127.0.0.1', 8003)
16/04/2015 15:27:06 marking host ('127.0.0.1', 8003) down ([Failure instance: Traceback (failure with no frames): <class 'twisted.internet.error.ConnectionRefusedError'>: Connection was refused by other side: 61: Connection refused.
])
16/04/2015 15:27:06 retrying with ('127.0.0.1', 8004)
16/04/2015 15:27:06 marking host ('127.0.0.1', 8004) down ([Failure instance: Traceback (failure with no frames): <class 'twisted.internet.error.ConnectionRefusedError'>: Connection was refused by other side: 61: Connection refused.
])
16/04/2015 15:27:06 no working servers, manager -> aggressive
16/04/2015 15:27:06 re-adding ('127.0.0.1', 8003) automatically
16/04/2015 15:27:06 re-adding ('127.0.0.1', 8004) automatically
16/04/2015 15:27:06 re-adding ('127.0.0.1', 8002) automatically
16/04/2015 15:27:06 marking host ('127.0.0.1', 8002) down ([Failure instance: Traceback (failure with no frames): <class 'twisted.internet.error.ConnectionRefusedError'>: Connection was refused by other side: 61: Connection refused.
])
16/04/2015 15:27:06 retrying with ('127.0.0.1', 8003)
16/04/2015 15:27:06 marking host ('127.0.0.1', 8003) down ([Failure instance: Traceback (failure with no frames): <class 'twisted.internet.error.ConnectionRefusedError'>: Connection was refused by other side: 61: Connection refused.
])
16/04/2015 15:27:06 retrying with ('127.0.0.1', 8004)
16/04/2015 15:27:06 marking host ('127.0.0.1', 8004) down ([Failure instance: Traceback (failure with no frames): <class 'twisted.internet.error.ConnectionRefusedError'>: Connection was refused by other side: 61: Connection refused.
])
16/04/2015 15:27:06 no working servers, manager -> aggressive
16/04/2015 15:27:21 re-adding ('127.0.0.1', 8003) automatically
16/04/2015 15:27:21 re-adding ('127.0.0.1', 8004) automatically
16/04/2015 15:27:21 re-adding ('127.0.0.1', 8002) automatically
ADMIN: 1.0.0.127.in-addr.arpa - - [16/Apr/2015 15:30:43] "GET / HTTP/1.1" 401 -
ADMIN: 1.0.0.127.in-addr.arpa - - [16/Apr/2015 15:30:46] "GET / HTTP/1.1" 401 -
ADMIN: 1.0.0.127.in-addr.arpa - - [16/Apr/2015 15:30:48] "GET /favicon.ico HTTP/1.1" 401 -
ADMIN: 1.0.0.127.in-addr.arpa - - [16/Apr/2015 15:56:21] "GET / HTTP/1.1" 401 -
ADMIN: 1.0.0.127.in-addr.arpa - - [16/Apr/2015 15:56:24] "GET /favicon.ico HTTP/1.1" 401 -
ADMIN: 1.0.0.127.in-addr.arpa - - [16/Apr/2015 15:56:25] "GET / HTTP/1.1" 401 -
ADMIN: 1.0.0.127.in-addr.arpa - - [16/Apr/2015 15:56:26] "GET / HTTP/1.1" 401 -
ADMIN: 1.0.0.127.in-addr.arpa - - [16/Apr/2015 15:56:28] "GET / HTTP/1.1" 401 -
ADMIN: 1.0.0.127.in-addr.arpa - - [16/Apr/2015 15:56:29] "GET / HTTP/1.1" 401 -
ADMIN: 1.0.0.127.in-addr.arpa - - [16/Apr/2015 15:56:36] "GET /favicon.ico HTTP/1.1" 401 -
ADMIN: 1.0.0.127.in-addr.arpa - - [16/Apr/2015 15:56:40] "GET / HTTP/1.1" 401 -
ADMIN: 1.0.0.127.in-addr.arpa - - [16/Apr/2015 15:56:53] "GET / HTTP/1.1" 401 -
ADMIN: 1.0.0.127.in-addr.arpa - - [16/Apr/2015 15:56:55] "GET / HTTP/1.1" 401 -
ADMIN: 1.0.0.127.in-addr.arpa - - [16/Apr/2015 15:56:57] "GET / HTTP/1.1" 401 -
ADMIN: 1.0.0.127.in-addr.arpa - - [16/Apr/2015 15:57:01] "GET / HTTP/1.1" 200 -
ADMIN: 1.0.0.127.in-addr.arpa - - [16/Apr/2015 15:57:04] "GET / HTTP/1.1" 200 -
ADMIN: 1.0.0.127.in-addr.arpa - - [16/Apr/2015 15:57:04] "GET /pydirector.css HTTP/1.1" 200 -
ADMIN: 1.0.0.127.in-addr.arpa - - [16/Apr/2015 15:57:04] "GET /favicon.ico HTTP/1.1" 404 -
ADMIN: 1.0.0.127.in-addr.arpa - - [16/Apr/2015 15:57:15] "GET /running HTTP/1.1" 200 -
ADMIN: 1.0.0.127.in-addr.arpa - - [16/Apr/2015 15:57:15] "GET /pydirector.css HTTP/1.1" 200 -
ADMIN: 1.0.0.127.in-addr.arpa - - [16/Apr/2015 15:57:35] "GET /running HTTP/1.1" 200 -
ADMIN: 1.0.0.127.in-addr.arpa - - [16/Apr/2015 15:57:35] "GET /pydirector.css HTTP/1.1" 200 -
ADMIN: 1.0.0.127.in-addr.arpa - - [16/Apr/2015 15:57:37] "GET /running HTTP/1.1" 200 -
ADMIN: 1.0.0.127.in-addr.arpa - - [16/Apr/2015 15:57:37] "GET /pydirector.css HTTP/1.1" 200 -
ADMIN: 1.0.0.127.in-addr.arpa - - [16/Apr/2015 15:57:37] "GET /running HTTP/1.1" 200 -
ADMIN: 1.0.0.127.in-addr.arpa - - [16/Apr/2015 15:57:37] "GET /pydirector.css HTTP/1.1" 200 -
ADMIN: 1.0.0.127.in-addr.arpa - - [16/Apr/2015 15:57:39] "GET /running HTTP/1.1" 200 -
ADMIN: 1.0.0.127.in-addr.arpa - - [16/Apr/2015 15:57:39] "GET /pydirector.css HTTP/1.1" 200 -
ADMIN: 1.0.0.127.in-addr.arpa - - [16/Apr/2015 15:57:44] "GET /running HTTP/1.1" 200 -
ADMIN: 1.0.0.127.in-addr.arpa - - [16/Apr/2015 15:57:44] "GET /pydirector.css HTTP/1.1" 200 -
ADMIN: 1.0.0.127.in-addr.arpa - - [16/Apr/2015 15:57:45] "GET /running HTTP/1.1" 200 -
ADMIN: 1.0.0.127.in-addr.arpa - - [16/Apr/2015 15:57:45] "GET /pydirector.css HTTP/1.1" 200 -
ADMIN: 1.0.0.127.in-addr.arpa - - [16/Apr/2015 15:57:45] "GET /running HTTP/1.1" 200 -
ADMIN: 1.0.0.127.in-addr.arpa - - [16/Apr/2015 15:57:45] "GET /pydirector.css HTTP/1.1" 200 -
ADMIN: 1.0.0.127.in-addr.arpa - - [16/Apr/2015 15:59:38] "GET / HTTP/1.1" 401 -
ADMIN: 1.0.0.127.in-addr.arpa - - [16/Apr/2015 15:59:39] "GET / HTTP/1.1" 200 -
ADMIN: 1.0.0.127.in-addr.arpa - - [16/Apr/2015 15:59:41] "GET / HTTP/1.1" 200 -
ADMIN: 1.0.0.127.in-addr.arpa - - [16/Apr/2015 15:59:41] "GET /pydirector.css HTTP/1.1" 200 -
ADMIN: 1.0.0.127.in-addr.arpa - - [16/Apr/2015 15:59:41] "GET /favicon.ico HTTP/1.1" 404 -
ADMIN: 1.0.0.127.in-addr.arpa - - [16/Apr/2015 15:59:43] "GET /running HTTP/1.1" 200 -
ADMIN: 1.0.0.127.in-addr.arpa - - [16/Apr/2015 15:59:43] "GET /pydirector.css HTTP/1.1" 200 -
ADMIN: 1.0.0.127.in-addr.arpa - - [16/Apr/2015 15:59:44] "GET /running HTTP/1.1" 200 -
ADMIN: 1.0.0.127.in-addr.arpa - - [16/Apr/2015 15:59:44] "GET /pydirector.css HTTP/1.1" 200 -
ADMIN: 1.0.0.127.in-addr.arpa - - [16/Apr/2015 16:00:16] "GET /running HTTP/1.1" 200 -
ADMIN: 1.0.0.127.in-addr.arpa - - [16/Apr/2015 16:00:16] "GET /pydirector.css HTTP/1.1" 200 -
ADMIN: 1.0.0.127.in-addr.arpa - - [16/Apr/2015 16:00:17] "GET /running HTTP/1.1" 200 -
ADMIN: 1.0.0.127.in-addr.arpa - - [16/Apr/2015 16:00:17] "GET /pydirector.css HTTP/1.1" 200 -
ADMIN: 1.0.0.127.in-addr.arpa - - [16/Apr/2015 16:00:17] "GET /running HTTP/1.1" 200 -
ADMIN: 1.0.0.127.in-addr.arpa - - [16/Apr/2015 16:00:17] "GET /pydirector.css HTTP/1.1" 200 -
ADMIN: 1.0.0.127.in-addr.arpa - - [16/Apr/2015 16:00:20] "GET /running HTTP/1.1" 200 -
ADMIN: 1.0.0.127.in-addr.arpa - - [16/Apr/2015 16:00:20] "GET /pydirector.css HTTP/1.1" 200 -
ADMIN: 1.0.0.127.in-addr.arpa - - [16/Apr/2015 16:00:21] "GET /running HTTP/1.1" 200 -
ADMIN: 1.0.0.127.in-addr.arpa - - [16/Apr/2015 16:00:21] "GET /pydirector.css HTTP/1.1" 200 -
ADMIN: 1.0.0.127.in-addr.arpa - - [16/Apr/2015 16:00:21] "GET /running HTTP/1.1" 200 -
ADMIN: 1.0.0.127.in-addr.arpa - - [16/Apr/2015 16:00:21] "GET /pydirector.css HTTP/1.1" 200 -
ADMIN: 1.0.0.127.in-addr.arpa - - [16/Apr/2015 16:00:23] "GET /running.xml HTTP/1.1" 200 -
ADMIN: 1.0.0.127.in-addr.arpa - - [16/Apr/2015 16:00:39] "GET /config.xml HTTP/1.1" 200 -
ADMIN: 1.0.0.127.in-addr.arpa - - [16/Apr/2015 16:01:45] "GET /running?refresh=1&ignore=1429218021.84 HTTP/1.1" 200 -
ADMIN: 1.0.0.127.in-addr.arpa - - [16/Apr/2015 16:01:45] "GET /pydirector.css HTTP/1.1" 200 -
ADMIN: 1.0.0.127.in-addr.arpa - - [16/Apr/2015 16:02:45] "GET /running?refresh=1&ignore=1429218105.24 HTTP/1.1" 200 -
ADMIN: 1.0.0.127.in-addr.arpa - - [16/Apr/2015 16:02:45] "GET /pydirector.css HTTP/1.1" 200 -
ADMIN: 1.0.0.127.in-addr.arpa - - [16/Apr/2015 16:17:09] "GET / HTTP/1.1" 401 -
ADMIN: 1.0.0.127.in-addr.arpa - - [16/Apr/2015 16:17:11] "GET / HTTP/1.1" 200 -
ADMIN: 1.0.0.127.in-addr.arpa - - [16/Apr/2015 16:17:11] "GET /pydirector.css HTTP/1.1" 200 -
ADMIN: 1.0.0.127.in-addr.arpa - - [16/Apr/2015 16:17:12] "GET /favicon.ico HTTP/1.1" 404 -
ADMIN: 1.0.0.127.in-addr.arpa - - [16/Apr/2015 16:17:15] "GET /running HTTP/1.1" 200 -
ADMIN: 1.0.0.127.in-addr.arpa - - [16/Apr/2015 16:17:15] "GET /pydirector.css HTTP/1.1" 200 -
ADMIN: 1.0.0.127.in-addr.arpa - - [16/Apr/2015 16:18:15] "GET /running?refresh=1&ignore=1429219035.07 HTTP/1.1" 200 -
ADMIN: 1.0.0.127.in-addr.arpa - - [16/Apr/2015 16:18:15] "GET /pydirector.css HTTP/1.1" 200 -
ADMIN: 1.0.0.127.in-addr.arpa - - [16/Apr/2015 16:18:19] "GET /running?refresh=1&ignore=1429219035.07 HTTP/1.1" 200 -
ADMIN: 1.0.0.127.in-addr.arpa - - [16/Apr/2015 16:18:19] "GET /pydirector.css HTTP/1.1" 200 -
ADMIN: 1.0.0.127.in-addr.arpa - - [16/Apr/2015 16:18:19] "GET /running?refresh=1&ignore=1429219035.07 HTTP/1.1" 200 -
ADMIN: 1.0.0.127.in-addr.arpa - - [16/Apr/2015 16:18:19] "GET /pydirector.css HTTP/1.1" 200 -
ADMIN: 1.0.0.127.in-addr.arpa - - [16/Apr/2015 16:18:36] "GET /running?refresh=1&ignore=1429219035.07 HTTP/1.1" 200 -
ADMIN: 1.0.0.127.in-addr.arpa - - [16/Apr/2015 16:18:36] "GET /pydirector.css HTTP/1.1" 200 -
ADMIN: 1.0.0.127.in-addr.arpa - - [16/Apr/2015 16:18:36] "GET /running?refresh=1&ignore=1429219035.07 HTTP/1.1" 200 -
ADMIN: 1.0.0.127.in-addr.arpa - - [16/Apr/2015 16:18:36] "GET /pydirector.css HTTP/1.1" 200 -
ADMIN: 1.0.0.127.in-addr.arpa - - [16/Apr/2015 16:18:47] "GET /running?refresh=1&ignore=1429219035.07 HTTP/1.1" 200 -
ADMIN: 1.0.0.127.in-addr.arpa - - [16/Apr/2015 16:18:47] "GET /pydirector.css HTTP/1.1" 200 -
ADMIN: 1.0.0.127.in-addr.arpa - - [16/Apr/2015 16:18:48] "GET /running?refresh=1&ignore=1429219035.07 HTTP/1.1" 200 -
ADMIN: 1.0.0.127.in-addr.arpa - - [16/Apr/2015 16:18:48] "GET /pydirector.css HTTP/1.1" 200 -
ADMIN: 1.0.0.127.in-addr.arpa - - [16/Apr/2015 16:19:18] "GET /running?refresh=1&ignore=1429219035.07 HTTP/1.1" 200 -
ADMIN: 1.0.0.127.in-addr.arpa - - [16/Apr/2015 16:19:18] "GET /pydirector.css HTTP/1.1" 200 -
ADMIN: 1.0.0.127.in-addr.arpa - - [16/Apr/2015 16:19:19] "GET /running?refresh=1&ignore=1429219035.07 HTTP/1.1" 200 -
ADMIN: 1.0.0.127.in-addr.arpa - - [16/Apr/2015 16:19:19] "GET /pydirector.css HTTP/1.1" 200 -
ADMIN: 1.0.0.127.in-addr.arpa - - [16/Apr/2015 16:20:20] "GET /running?refresh=1&ignore=1429219159.31 HTTP/1.1" 200 -
ADMIN: 1.0.0.127.in-addr.arpa - - [16/Apr/2015 16:20:20] "GET /pydirector.css HTTP/1.1" 200 -
ADMIN: 1.0.0.127.in-addr.arpa - - [16/Apr/2015 16:20:37] "GET /running?refresh=1&ignore=1429219159.31 HTTP/1.1" 200 -
ADMIN: 1.0.0.127.in-addr.arpa - - [16/Apr/2015 16:20:37] "GET /pydirector.css HTTP/1.1" 200 -
ADMIN: 1.0.0.127.in-addr.arpa - - [16/Apr/2015 16:20:38] "GET /running?refresh=1&ignore=1429219159.31 HTTP/1.1" 200 -
ADMIN: 1.0.0.127.in-addr.arpa - - [16/Apr/2015 16:20:38] "GET /pydirector.css HTTP/1.1" 200 -
ADMIN: 1.0.0.127.in-addr.arpa - - [16/Apr/2015 16:20:39] "GET /running?refresh=1&ignore=1429219159.31 HTTP/1.1" 200 -
ADMIN: 1.0.0.127.in-addr.arpa - - [16/Apr/2015 16:20:39] "GET /pydirector.css HTTP/1.1" 200 -
ADMIN: 1.0.0.127.in-addr.arpa - - [16/Apr/2015 16:41:49] "GET / HTTP/1.1" 200 -
ADMIN: 1.0.0.127.in-addr.arpa - - [16/Apr/2015 16:41:49] "GET /pydirector.css HTTP/1.1" 200 -
ADMIN: 1.0.0.127.in-addr.arpa - - [16/Apr/2015 16:41:50] "GET /running HTTP/1.1" 200 -
ADMIN: 1.0.0.127.in-addr.arpa - - [16/Apr/2015 16:41:51] "GET /pydirector.css HTTP/1.1" 200 -
ADMIN: 1.0.0.127.in-addr.arpa - - [16/Apr/2015 16:42:51] "GET /running?refresh=1&ignore=1429220510.88 HTTP/1.1" 200 -
ADMIN: 1.0.0.127.in-addr.arpa - - [16/Apr/2015 16:42:51] "GET /pydirector.css HTTP/1.1" 200 -
ADMIN: 1.0.0.127.in-addr.arpa - - [16/Apr/2015 16:43:51] "GET /running?refresh=1&ignore=1429220571.13 HTTP/1.1" 200 -
ADMIN: 1.0.0.127.in-addr.arpa - - [16/Apr/2015 16:43:51] "GET /pydirector.css HTTP/1.1" 200 -
ADMIN: 1.0.0.127.in-addr.arpa - - [16/Apr/2015 16:44:51] "GET /running?refresh=1&ignore=1429220631.24 HTTP/1.1" 200 -
ADMIN: 1.0.0.127.in-addr.arpa - - [16/Apr/2015 16:44:51] "GET /pydirector.css HTTP/1.1" 200 -
ADMIN: 1.0.0.127.in-addr.arpa - - [16/Apr/2015 16:45:51] "GET /running?refresh=1&ignore=1429220691.38 HTTP/1.1" 200 -
ADMIN: 1.0.0.127.in-addr.arpa - - [16/Apr/2015 16:45:51] "GET /pydirector.css HTTP/1.1" 200 -
ADMIN: 1.0.0.127.in-addr.arpa - - [16/Apr/2015 23:13:48] "GET / HTTP/1.1" 401 -
ADMIN: 1.0.0.127.in-addr.arpa - - [16/Apr/2015 23:13:50] "GET / HTTP/1.1" 200 -
ADMIN: 1.0.0.127.in-addr.arpa - - [16/Apr/2015 23:13:50] "GET /pydirector.css HTTP/1.1" 200 -
ADMIN: 1.0.0.127.in-addr.arpa - - [16/Apr/2015 23:13:50] "GET /favicon.ico HTTP/1.1" 404 -
ADMIN: 1.0.0.127.in-addr.arpa - - [16/Apr/2015 23:13:51] "GET /running HTTP/1.1" 200 -
ADMIN: 1.0.0.127.in-addr.arpa - - [16/Apr/2015 23:13:52] "GET /pydirector.css HTTP/1.1" 200 -
ADMIN: 1.0.0.127.in-addr.arpa - - [16/Apr/2015 23:14:03] "GET /running HTTP/1.1" 200 -
ADMIN: 1.0.0.127.in-addr.arpa - - [16/Apr/2015 23:14:03] "GET /pydirector.css HTTP/1.1" 200 -
ADMIN: 1.0.0.127.in-addr.arpa - - [16/Apr/2015 23:14:04] "GET /running HTTP/1.1" 200 -
ADMIN: 1.0.0.127.in-addr.arpa - - [16/Apr/2015 23:14:04] "GET /pydirector.css HTTP/1.1" 200 -
ADMIN: 1.0.0.127.in-addr.arpa - - [16/Apr/2015 23:14:04] "GET /running HTTP/1.1" 200 -
ADMIN: 1.0.0.127.in-addr.arpa - - [16/Apr/2015 23:14:04] "GET /pydirector.css HTTP/1.1" 200 -
ADMIN: 1.0.0.127.in-addr.arpa - - [16/Apr/2015 23:15:04] "GET /running?refresh=1&ignore=1429244044.65 HTTP/1.1" 200 -
ADMIN: 1.0.0.127.in-addr.arpa - - [16/Apr/2015 23:15:04] "GET /pydirector.css HTTP/1.1" 200 -
ADMIN: 1.0.0.127.in-addr.arpa - - [16/Apr/2015 23:15:51] "GET /running?refresh=1&ignore=1429244044.65 HTTP/1.1" 200 -
ADMIN: 1.0.0.127.in-addr.arpa - - [16/Apr/2015 23:15:51] "GET /pydirector.css HTTP/1.1" 200 -
ADMIN: 1.0.0.127.in-addr.arpa - - [16/Apr/2015 23:15:51] "GET /running?refresh=1&ignore=1429244044.65 HTTP/1.1" 200 -
ADMIN: 1.0.0.127.in-addr.arpa - - [16/Apr/2015 23:15:51] "GET /pydirector.css HTTP/1.1" 200 -
ADMIN: 1.0.0.127.in-addr.arpa - - [16/Apr/2015 23:15:52] "GET /running?refresh=1&ignore=1429244044.65 HTTP/1.1" 200 -
ADMIN: 1.0.0.127.in-addr.arpa - - [16/Apr/2015 23:15:52] "GET /pydirector.css HTTP/1.1" 200 -
ADMIN: 1.0.0.127.in-addr.arpa - - [16/Apr/2015 23:15:57] "GET /running?ignore=1429244152.47 HTTP/1.1" 200 -
ADMIN: 1.0.0.127.in-addr.arpa - - [16/Apr/2015 23:15:57] "GET /pydirector.css HTTP/1.1" 200 -
ADMIN: 1.0.0.127.in-addr.arpa - - [16/Apr/2015 23:15:58] "GET /running?refresh=1&ignore=1429244157.16 HTTP/1.1" 200 -
ADMIN: 1.0.0.127.in-addr.arpa - - [16/Apr/2015 23:15:58] "GET /pydirector.css HTTP/1.1" 200 -
ADMIN: 1.0.0.127.in-addr.arpa - - [16/Apr/2015 23:15:59] "GET /running?ignore=1429244158.04 HTTP/1.1" 200 -
ADMIN: 1.0.0.127.in-addr.arpa - - [16/Apr/2015 23:15:59] "GET /pydirector.css HTTP/1.1" 200 -
ADMIN: 1.0.0.127.in-addr.arpa - - [16/Apr/2015 23:16:00] "GET /running?ignore=1429244159.59 HTTP/1.1" 200 -
ADMIN: 1.0.0.127.in-addr.arpa - - [16/Apr/2015 23:16:00] "GET /pydirector.css HTTP/1.1" 200 -
ADMIN: 1.0.0.127.in-addr.arpa - - [16/Apr/2015 23:16:00] "GET /running?ignore=1429244160.12 HTTP/1.1" 200 -
ADMIN: 1.0.0.127.in-addr.arpa - - [16/Apr/2015 23:16:00] "GET /pydirector.css HTTP/1.1" 200 -
ADMIN: 1.0.0.127.in-addr.arpa - - [16/Apr/2015 23:16:00] "GET /running?ignore=1429244160.35 HTTP/1.1" 200 -
ADMIN: 1.0.0.127.in-addr.arpa - - [16/Apr/2015 23:16:00] "GET /pydirector.css HTTP/1.1" 200 -
ADMIN: 1.0.0.127.in-addr.arpa - - [16/Apr/2015 23:16:00] "GET /running?ignore=1429244160.53 HTTP/1.1" 200 -
ADMIN: 1.0.0.127.in-addr.arpa - - [16/Apr/2015 23:16:00] "GET /pydirector.css HTTP/1.1" 200 -
ADMIN: 1.0.0.127.in-addr.arpa - - [16/Apr/2015 23:16:00] "GET /running?ignore=1429244160.73 HTTP/1.1" 200 -
ADMIN: 1.0.0.127.in-addr.arpa - - [16/Apr/2015 23:16:00] "GET /pydirector.css HTTP/1.1" 200 -
ADMIN: 1.0.0.127.in-addr.arpa - - [16/Apr/2015 23:16:01] "GET /running?ignore=1429244160.9 HTTP/1.1" 200 -
ADMIN: 1.0.0.127.in-addr.arpa - - [16/Apr/2015 23:16:01] "GET /pydirector.css HTTP/1.1" 200 -
ADMIN: 1.0.0.127.in-addr.arpa - - [16/Apr/2015 23:16:01] "GET /running?ignore=1429244161.08 HTTP/1.1" 200 -
ADMIN: 1.0.0.127.in-addr.arpa - - [16/Apr/2015 23:16:01] "GET /pydirector.css HTTP/1.1" 200 -
ADMIN: 1.0.0.127.in-addr.arpa - - [16/Apr/2015 23:16:01] "GET /running?ignore=1429244161.25 HTTP/1.1" 200 -
ADMIN: 1.0.0.127.in-addr.arpa - - [16/Apr/2015 23:16:01] "GET /pydirector.css HTTP/1.1" 200 -
ADMIN: 1.0.0.127.in-addr.arpa - - [16/Apr/2015 23:16:01] "GET /running?ignore=1429244161.42 HTTP/1.1" 200 -
ADMIN: 1.0.0.127.in-addr.arpa - - [16/Apr/2015 23:16:01] "GET /pydirector.css HTTP/1.1" 200 -
ADMIN: 1.0.0.127.in-addr.arpa - - [16/Apr/2015 23:16:01] "GET /running?ignore=1429244161.58 HTTP/1.1" 200 -
ADMIN: 1.0.0.127.in-addr.arpa - - [16/Apr/2015 23:16:01] "GET /pydirector.css HTTP/1.1" 200 -
ADMIN: 1.0.0.127.in-addr.arpa - - [16/Apr/2015 23:16:01] "GET /running?ignore=1429244161.74 HTTP/1.1" 200 -
ADMIN: 1.0.0.127.in-addr.arpa - - [16/Apr/2015 23:16:01] "GET /pydirector.css HTTP/1.1" 200 -
ADMIN: 1.0.0.127.in-addr.arpa - - [16/Apr/2015 23:16:02] "GET /running?ignore=1429244161.91 HTTP/1.1" 200 -
ADMIN: 1.0.0.127.in-addr.arpa - - [16/Apr/2015 23:16:02] "GET /pydirector.css HTTP/1.1" 200 -
ADMIN: 1.0.0.127.in-addr.arpa - - [16/Apr/2015 23:16:02] "GET /running?ignore=1429244162.07 HTTP/1.1" 200 -
ADMIN: 1.0.0.127.in-addr.arpa - - [16/Apr/2015 23:16:02] "GET /pydirector.css HTTP/1.1" 200 -
ADMIN: 1.0.0.127.in-addr.arpa - - [16/Apr/2015 23:16:02] "GET /running?ignore=1429244162.26 HTTP/1.1" 200 -
ADMIN: 1.0.0.127.in-addr.arpa - - [16/Apr/2015 23:16:02] "GET /pydirector.css HTTP/1.1" 200 -
ADMIN: 1.0.0.127.in-addr.arpa - - [16/Apr/2015 23:16:02] "GET /running?ignore=1429244162.43 HTTP/1.1" 200 -
ADMIN: 1.0.0.127.in-addr.arpa - - [16/Apr/2015 23:16:02] "GET /pydirector.css HTTP/1.1" 200 -
ADMIN: 1.0.0.127.in-addr.arpa - - [16/Apr/2015 23:16:02] "GET /running?ignore=1429244162.6 HTTP/1.1" 200 -
ADMIN: 1.0.0.127.in-addr.arpa - - [16/Apr/2015 23:16:02] "GET /pydirector.css HTTP/1.1" 200 -
ADMIN: 1.0.0.127.in-addr.arpa - - [16/Apr/2015 23:16:02] "GET /running?ignore=1429244162.77 HTTP/1.1" 200 -
ADMIN: 1.0.0.127.in-addr.arpa - - [16/Apr/2015 23:16:02] "GET /pydirector.css HTTP/1.1" 200 -
ADMIN: 1.0.0.127.in-addr.arpa - - [16/Apr/2015 23:16:03] "GET /running?ignore=1429244162.94 HTTP/1.1" 200 -
ADMIN: 1.0.0.127.in-addr.arpa - - [16/Apr/2015 23:16:03] "GET /pydirector.css HTTP/1.1" 200 -
ADMIN: 1.0.0.127.in-addr.arpa - - [16/Apr/2015 23:16:03] "GET /running?ignore=1429244163.12 HTTP/1.1" 200 -
ADMIN: 1.0.0.127.in-addr.arpa - - [16/Apr/2015 23:16:03] "GET /pydirector.css HTTP/1.1" 200 -
ADMIN: 1.0.0.127.in-addr.arpa - - [16/Apr/2015 23:16:03] "GET /running?ignore=1429244163.46 HTTP/1.1" 200 -
ADMIN: 1.0.0.127.in-addr.arpa - - [16/Apr/2015 23:16:03] "GET /pydirector.css HTTP/1.1" 200 -
ADMIN: 1.0.0.127.in-addr.arpa - - [16/Apr/2015 23:16:03] "GET /running?ignore=1429244163.66 HTTP/1.1" 200 -
ADMIN: 1.0.0.127.in-addr.arpa - - [16/Apr/2015 23:16:03] "GET /pydirector.css HTTP/1.1" 200 -
ADMIN: 1.0.0.127.in-addr.arpa - - [16/Apr/2015 23:16:04] "GET /running?ignore=1429244163.82 HTTP/1.1" 200 -
ADMIN: 1.0.0.127.in-addr.arpa - - [16/Apr/2015 23:16:04] "GET /pydirector.css HTTP/1.1" 200 -
ADMIN: 1.0.0.127.in-addr.arpa - - [16/Apr/2015 23:16:04] "GET /running?ignore=1429244164.0 HTTP/1.1" 200 -
ADMIN: 1.0.0.127.in-addr.arpa - - [16/Apr/2015 23:16:04] "GET /pydirector.css HTTP/1.1" 200 -
ADMIN: 1.0.0.127.in-addr.arpa - - [16/Apr/2015 23:16:04] "GET /running?ignore=1429244164.18 HTTP/1.1" 200 -
ADMIN: 1.0.0.127.in-addr.arpa - - [16/Apr/2015 23:16:04] "GET /pydirector.css HTTP/1.1" 200 -
ADMIN: 1.0.0.127.in-addr.arpa - - [16/Apr/2015 23:16:04] "GET /running?ignore=1429244164.34 HTTP/1.1" 200 -
ADMIN: 1.0.0.127.in-addr.arpa - - [16/Apr/2015 23:16:04] "GET /pydirector.css HTTP/1.1" 200 -
ADMIN: 1.0.0.127.in-addr.arpa - - [16/Apr/2015 23:16:04] "GET /running?ignore=1429244164.52 HTTP/1.1" 200 -
ADMIN: 1.0.0.127.in-addr.arpa - - [16/Apr/2015 23:16:04] "GET /pydirector.css HTTP/1.1" 200 -
ADMIN: 1.0.0.127.in-addr.arpa - - [16/Apr/2015 23:16:04] "GET /running?ignore=1429244164.69 HTTP/1.1" 200 -
ADMIN: 1.0.0.127.in-addr.arpa - - [16/Apr/2015 23:16:04] "GET /pydirector.css HTTP/1.1" 200 -
ADMIN: 1.0.0.127.in-addr.arpa - - [16/Apr/2015 23:16:05] "GET /running?ignore=1429244164.87 HTTP/1.1" 200 -
ADMIN: 1.0.0.127.in-addr.arpa - - [16/Apr/2015 23:16:05] "GET /pydirector.css HTTP/1.1" 200 -
ADMIN: 1.0.0.127.in-addr.arpa - - [16/Apr/2015 23:16:06] "GET /running?ignore=1429244165.03 HTTP/1.1" 200 -
ADMIN: 1.0.0.127.in-addr.arpa - - [16/Apr/2015 23:16:06] "GET /pydirector.css HTTP/1.1" 200 -
ADMIN: 1.0.0.127.in-addr.arpa - - [16/Apr/2015 23:16:06] "GET /running?ignore=1429244166.78 HTTP/1.1" 200 -
ADMIN: 1.0.0.127.in-addr.arpa - - [16/Apr/2015 23:16:06] "GET /pydirector.css HTTP/1.1" 200 -
ADMIN: 1.0.0.127.in-addr.arpa - - [16/Apr/2015 23:16:07] "GET /running?ignore=1429244166.95 HTTP/1.1" 200 -
ADMIN: 1.0.0.127.in-addr.arpa - - [16/Apr/2015 23:16:07] "GET /pydirector.css HTTP/1.1" 200 -
ADMIN: 1.0.0.127.in-addr.arpa - - [16/Apr/2015 23:17:07] "GET /running?refresh=1&ignore=1429244167.12 HTTP/1.1" 200 -
ADMIN: 1.0.0.127.in-addr.arpa - - [16/Apr/2015 23:17:07] "GET /pydirector.css HTTP/1.1" 200 -
ADMIN: 1.0.0.127.in-addr.arpa - - [16/Apr/2015 23:18:07] "GET /running?refresh=1&ignore=1429244227.19 HTTP/1.1" 200 -
ADMIN: 1.0.0.127.in-addr.arpa - - [16/Apr/2015 23:18:07] "GET /pydirector.css HTTP/1.1" 200 -
ADMIN: 1.0.0.127.in-addr.arpa - - [16/Apr/2015 23:19:07] "GET /running?refresh=1&ignore=1429244287.25 HTTP/1.1" 200 -
ADMIN: 1.0.0.127.in-addr.arpa - - [16/Apr/2015 23:19:07] "GET /pydirector.css HTTP/1.1" 200 -
ADMIN: 1.0.0.127.in-addr.arpa - - [16/Apr/2015 23:19:16] "GET /running?refresh=1&ignore=1429244287.25 HTTP/1.1" 200 -
ADMIN: 1.0.0.127.in-addr.arpa - - [16/Apr/2015 23:19:16] "GET /pydirector.css HTTP/1.1" 200 -
ADMIN: 1.0.0.127.in-addr.arpa - - [16/Apr/2015 23:19:16] "GET /running?refresh=1&ignore=1429244287.25 HTTP/1.1" 200 -
ADMIN: 1.0.0.127.in-addr.arpa - - [16/Apr/2015 23:19:16] "GET /pydirector.css HTTP/1.1" 200 -
ADMIN: 1.0.0.127.in-addr.arpa - - [16/Apr/2015 23:19:17] "GET /running?refresh=1&ignore=1429244287.25 HTTP/1.1" 200 -
ADMIN: 1.0.0.127.in-addr.arpa - - [16/Apr/2015 23:19:17] "GET /pydirector.css HTTP/1.1" 200 -
ADMIN: 1.0.0.127.in-addr.arpa - - [16/Apr/2015 23:19:17] "GET /running?refresh=1&ignore=1429244287.25 HTTP/1.1" 200 -
ADMIN: 1.0.0.127.in-addr.arpa - - [16/Apr/2015 23:19:17] "GET /pydirector.css HTTP/1.1" 200 -
ADMIN: 1.0.0.127.in-addr.arpa - - [16/Apr/2015 23:19:18] "GET /running?refresh=1&ignore=1429244287.25 HTTP/1.1" 200 -
ADMIN: 1.0.0.127.in-addr.arpa - - [16/Apr/2015 23:19:18] "GET /pydirector.css HTTP/1.1" 200 -
ADMIN: 1.0.0.127.in-addr.arpa - - [16/Apr/2015 23:21:00] "GET /running?refresh=1&ignore=1429244358.42 HTTP/1.1" 200 -
ADMIN: 1.0.0.127.in-addr.arpa - - [16/Apr/2015 23:21:00] "GET /pydirector.css HTTP/1.1" 200 -
ADMIN: 1.0.0.127.in-addr.arpa - - [16/Apr/2015 23:32:21] "GET /running?refresh=1&ignore=1429244460.84 HTTP/1.1" 200 -
ADMIN: 1.0.0.127.in-addr.arpa - - [16/Apr/2015 23:32:21] "GET /pydirector.css HTTP/1.1" 200 -
ADMIN: 1.0.0.127.in-addr.arpa - - [16/Apr/2015 23:32:22] "GET /running?refresh=1&ignore=1429244460.84 HTTP/1.1" 200 -
ADMIN: 1.0.0.127.in-addr.arpa - - [16/Apr/2015 23:32:22] "GET /pydirector.css HTTP/1.1" 200 -
ADMIN: 1.0.0.127.in-addr.arpa - - [16/Apr/2015 23:33:22] "GET /running?refresh=1&ignore=1429245142.77 HTTP/1.1" 200 -
ADMIN: 1.0.0.127.in-addr.arpa - - [16/Apr/2015 23:33:22] "GET /pydirector.css HTTP/1.1" 200 -
ADMIN: 1.0.0.127.in-addr.arpa - - [17/Apr/2015 12:53:59] "GET / HTTP/1.1" 401 -
ADMIN: 1.0.0.127.in-addr.arpa - - [17/Apr/2015 12:54:01] "GET / HTTP/1.1" 200 -
ADMIN: 1.0.0.127.in-addr.arpa - - [17/Apr/2015 12:54:01] "GET /pydirector.css HTTP/1.1" 200 -
ADMIN: 1.0.0.127.in-addr.arpa - - [17/Apr/2015 12:54:01] "GET /favicon.ico HTTP/1.1" 404 -
ADMIN: 1.0.0.127.in-addr.arpa - - [17/Apr/2015 12:54:02] "GET /running HTTP/1.1" 200 -
ADMIN: 1.0.0.127.in-addr.arpa - - [17/Apr/2015 12:54:02] "GET /pydirector.css HTTP/1.1" 200 -
ADMIN: 1.0.0.127.in-addr.arpa - - [17/Apr/2015 12:54:04] "GET /running HTTP/1.1" 200 -
ADMIN: 1.0.0.127.in-addr.arpa - - [17/Apr/2015 12:54:04] "GET /pydirector.css HTTP/1.1" 200 -
ADMIN: 1.0.0.127.in-addr.arpa - - [17/Apr/2015 12:54:26] "GET /running HTTP/1.1" 200 -
ADMIN: 1.0.0.127.in-addr.arpa - - [17/Apr/2015 12:54:26] "GET /pydirector.css HTTP/1.1" 200 -
ADMIN: 1.0.0.127.in-addr.arpa - - [17/Apr/2015 12:54:42] "GET /running HTTP/1.1" 200 -
ADMIN: 1.0.0.127.in-addr.arpa - - [17/Apr/2015 12:54:42] "GET /pydirector.css HTTP/1.1" 200 -
ADMIN: 1.0.0.127.in-addr.arpa - - [17/Apr/2015 12:54:43] "GET /running HTTP/1.1" 200 -
ADMIN: 1.0.0.127.in-addr.arpa - - [17/Apr/2015 12:54:43] "GET /pydirector.css HTTP/1.1" 200 -
ADMIN: 1.0.0.127.in-addr.arpa - - [17/Apr/2015 12:54:53] "GET /running HTTP/1.1" 200 -
ADMIN: 1.0.0.127.in-addr.arpa - - [17/Apr/2015 12:54:53] "GET /pydirector.css HTTP/1.1" 200 -
ADMIN: 1.0.0.127.in-addr.arpa - - [17/Apr/2015 12:54:53] "GET /running HTTP/1.1" 200 -
ADMIN: 1.0.0.127.in-addr.arpa - - [17/Apr/2015 12:54:53] "GET /pydirector.css HTTP/1.1" 200 -
ADMIN: 1.0.0.127.in-addr.arpa - - [17/Apr/2015 12:54:54] "GET /running HTTP/1.1" 200 -
ADMIN: 1.0.0.127.in-addr.arpa - - [17/Apr/2015 12:54:54] "GET /pydirector.css HTTP/1.1" 200 -
ADMIN: 1.0.0.127.in-addr.arpa - - [17/Apr/2015 12:54:56] "GET /running HTTP/1.1" 200 -
ADMIN: 1.0.0.127.in-addr.arpa - - [17/Apr/2015 12:54:56] "GET /pydirector.css HTTP/1.1" 200 -
ADMIN: 1.0.0.127.in-addr.arpa - - [17/Apr/2015 12:54:58] "GET /running HTTP/1.1" 200 -
ADMIN: 1.0.0.127.in-addr.arpa - - [17/Apr/2015 12:54:58] "GET /pydirector.css HTTP/1.1" 200 -
ADMIN: 1.0.0.127.in-addr.arpa - - [17/Apr/2015 12:55:00] "GET /running HTTP/1.1" 200 -
ADMIN: 1.0.0.127.in-addr.arpa - - [17/Apr/2015 12:55:00] "GET /pydirector.css HTTP/1.1" 200 -
ADMIN: 1.0.0.127.in-addr.arpa - - [17/Apr/2015 12:56:00] "GET /running?refresh=1&ignore=1429293300.13 HTTP/1.1" 200 -
ADMIN: 1.0.0.127.in-addr.arpa - - [17/Apr/2015 12:56:00] "GET /pydirector.css HTTP/1.1" 200 -
ADMIN: 1.0.0.127.in-addr.arpa - - [17/Apr/2015 12:56:06] "GET /running?refresh=1&ignore=1429293300.13 HTTP/1.1" 200 -
ADMIN: 1.0.0.127.in-addr.arpa - - [17/Apr/2015 12:56:06] "GET /pydirector.css HTTP/1.1" 200 -
ADMIN: 1.0.0.127.in-addr.arpa - - [17/Apr/2015 12:56:07] "GET /running?refresh=1&ignore=1429293300.13 HTTP/1.1" 200 -
ADMIN: 1.0.0.127.in-addr.arpa - - [17/Apr/2015 12:56:07] "GET /pydirector.css HTTP/1.1" 200 -
ADMIN: 1.0.0.127.in-addr.arpa - - [17/Apr/2015 12:56:49] "GET /running?refresh=1&ignore=1429293300.13 HTTP/1.1" 200 -
ADMIN: 1.0.0.127.in-addr.arpa - - [17/Apr/2015 12:56:50] "GET /pydirector.css HTTP/1.1" 200 -
ADMIN: 1.0.0.127.in-addr.arpa - - [17/Apr/2015 12:56:50] "GET /running?refresh=1&ignore=1429293300.13 HTTP/1.1" 200 -
ADMIN: 1.0.0.127.in-addr.arpa - - [17/Apr/2015 12:56:50] "GET /pydirector.css HTTP/1.1" 200 -
ADMIN: 1.0.0.127.in-addr.arpa - - [17/Apr/2015 12:57:13] "GET /running?refresh=1&ignore=1429293300.13 HTTP/1.1" 200 -
ADMIN: 1.0.0.127.in-addr.arpa - - [17/Apr/2015 12:57:13] "GET /pydirector.css HTTP/1.1" 200 -
ADMIN: 1.0.0.127.in-addr.arpa - - [17/Apr/2015 12:57:13] "GET /running?refresh=1&ignore=1429293300.13 HTTP/1.1" 200 -
ADMIN: 1.0.0.127.in-addr.arpa - - [17/Apr/2015 12:57:13] "GET /pydirector.css HTTP/1.1" 200 -
ADMIN: 1.0.0.127.in-addr.arpa - - [17/Apr/2015 12:57:55] "GET /running?refresh=1&ignore=1429293300.13 HTTP/1.1" 200 -
ADMIN: 1.0.0.127.in-addr.arpa - - [17/Apr/2015 12:57:55] "GET /pydirector.css HTTP/1.1" 200 -
ADMIN: 1.0.0.127.in-addr.arpa - - [17/Apr/2015 12:58:08] "GET /running?refresh=1&ignore=1429293300.13 HTTP/1.1" 200 -
ADMIN: 1.0.0.127.in-addr.arpa - - [17/Apr/2015 12:58:08] "GET /pydirector.css HTTP/1.1" 200 -
ADMIN: 1.0.0.127.in-addr.arpa - - [17/Apr/2015 12:58:09] "GET /running?refresh=1&ignore=1429293300.13 HTTP/1.1" 200 -
ADMIN: 1.0.0.127.in-addr.arpa - - [17/Apr/2015 12:58:09] "GET /pydirector.css HTTP/1.1" 200 -
ADMIN: 1.0.0.127.in-addr.arpa - - [17/Apr/2015 12:58:12] "GET /running?refresh=1&ignore=1429293300.13 HTTP/1.1" 200 -
ADMIN: 1.0.0.127.in-addr.arpa - - [17/Apr/2015 12:58:12] "GET /pydirector.css HTTP/1.1" 200 -
ADMIN: 1.0.0.127.in-addr.arpa - - [17/Apr/2015 12:58:12] "GET /running?refresh=1&ignore=1429293300.13 HTTP/1.1" 200 -
ADMIN: 1.0.0.127.in-addr.arpa - - [17/Apr/2015 12:58:12] "GET /pydirector.css HTTP/1.1" 200 -
ADMIN: 1.0.0.127.in-addr.arpa - - [17/Apr/2015 12:58:13] "GET /running?refresh=1&ignore=1429293300.13 HTTP/1.1" 200 -
ADMIN: 1.0.0.127.in-addr.arpa - - [17/Apr/2015 12:58:13] "GET /pydirector.css HTTP/1.1" 200 -
ADMIN: 1.0.0.127.in-addr.arpa - - [18/Apr/2015 12:26:02] "GET /running?refresh=1&ignore=1429293493.0 HTTP/1.1" 200 -
ADMIN: 1.0.0.127.in-addr.arpa - - [18/Apr/2015 12:26:02] "GET /pydirector.css HTTP/1.1" 200 -
