16/04/2015 15:27:06 marking host ('127.0.0.1', 8002) down ([Failure instance: Traceback (failure with no frames): <class 'twisted.internet.error.ConnectionRefusedError'>: Connection was refused by other side: 61: Connection refused.
])
16/04/2015 15:27:06 retrying with ('127.0.0.1', 8003)
16/04/2015 15:27:06 marking host ('127.0.0.1', 8003) down ([Failure instance: Traceback (failure with no frames): <class 'twisted.internet.error.ConnectionRefusedError'>: Connection was refused by other side: 61: Connection refused.
])
16/04/2015 15:27:06 retrying with ('127.0.0.1', 8004)
16/04/2015 15:27:06 marking host ('127.0.0.1', 8004) down ([Failure instance: Traceback (failure with no frames): <class 'twisted.internet.error.ConnectionRefusedError'>: Connection was refused by other side: 61: Connection refused.
])
16/04/2015 15:27:06 no working servers, manager -> aggressive
16/04/2015 15:27:06 re-adding ('127.0.0.1', 8003) automatically
16/04/2015 15:27:06 re-adding ('127.0.0.1', 8004) automatically
16/04/2015 15:27:06 re-adding ('127.0.0.1', 8002) automatically
16/04/2015 15:27:06 marking host ('127.0.0.1', 8002) down ([Failure instance: Traceback (failure with no frames): <class 'twisted.internet.error.ConnectionRefusedError'>: Connection was refused by other side: 61: Connection refused.
])
16/04/2015 15:27:06 retrying with ('127.0.0.1', 8003)
16/04/2015 15:27:06 marking host ('127.0.0.1', 8003) down ([Failure instance: Traceback (failure with no frames): <class 'twisted.internet.error.ConnectionRefusedError'>: Connection was refused by other side: 61: Connection refused.
])
16/04/2015 15:27:06 retrying with ('127.0.0.1', 8004)
16/04/2015 15:27:06 marking host ('127.0.0.1', 8004) down ([Failure instance: Traceback (failure with no frames): <class 'twisted.internet.error.ConnectionRefusedError'>: Connection was refused by other side: 61: Connection refused.
])
16/04/2015 15:27:06 no working servers, manager -> aggressive
16/04/2015 15:27:21 re-adding ('127.0.0.1', 8003) automatically
16/04/2015 15:27:21 re-adding ('127.0.0.1', 8004) automatically
16/04/2015 15:27:21 re-adding ('127.0.0.1', 8002) automatically
ADMIN: 1.0.0.127.in-addr.arpa - - [16/Apr/2015 15:30:43] "GET / HTTP/1.1" 401 -
ADMIN: 1.0.0.127.in-addr.arpa - - [16/Apr/2015 15:30:46] "GET / HTTP/1.1" 401 -
ADMIN: 1.0.0.127.in-addr.arpa - - [16/Apr/2015 15:30:48] "GET /favicon.ico HTTP/1.1" 401 -
ADMIN: 1.0.0.127.in-addr.arpa - - [16/Apr/2015 15:56:21] "GET / HTTP/1.1" 401 -
ADMIN: 1.0.0.127.in-addr.arpa - - [16/Apr/2015 15:56:24] "GET /favicon.ico HTTP/1.1" 401 -
ADMIN: 1.0.0.127.in-addr.arpa - - [16/Apr/2015 15:56:25] "GET / HTTP/1.1" 401 -
ADMIN: 1.0.0.127.in-addr.arpa - - [16/Apr/2015 15:56:26] "GET / HTTP/1.1" 401 -
ADMIN: 1.0.0.127.in-addr.arpa - - [16/Apr/2015 15:56:28] "GET / HTTP/1.1" 401 -
ADMIN: 1.0.0.127.in-addr.arpa - - [16/Apr/2015 15:56:29] "GET / HTTP/1.1" 401 -
ADMIN: 1.0.0.127.in-addr.arpa - - [16/Apr/2015 15:56:36] "GET /favicon.ico HTTP/1.1" 401 -
ADMIN: 1.0.0.127.in-addr.arpa - - [16/Apr/2015 15:56:40] "GET / HTTP/1.1" 401 -
ADMIN: 1.0.0.127.in-addr.arpa - - [16/Apr/2015 15:56:53] "GET / HTTP/1.1" 401 -
ADMIN: 1.0.0.127.in-addr.arpa - - [16/Apr/2015 15:56:55] "GET / HTTP/1.1" 401 -
ADMIN: 1.0.0.127.in-addr.arpa - - [16/Apr/2015 15:56:57] "GET / HTTP/1.1" 401 -
ADMIN: 1.0.0.127.in-addr.arpa - - [16/Apr/2015 15:57:01] "GET / HTTP/1.1" 200 -
ADMIN: 1.0.0.127.in-addr.arpa - - [16/Apr/2015 15:57:04] "GET / HTTP/1.1" 200 -
ADMIN: 1.0.0.127.in-addr.arpa - - [16/Apr/2015 15:57:04] "GET /pydirector.css HTTP/1.1" 200 -
ADMIN: 1.0.0.127.in-addr.arpa - - [16/Apr/2015 15:57:04] "GET /favicon.ico HTTP/1.1" 404 -
ADMIN: 1.0.0.127.in-addr.arpa - - [16/Apr/2015 15:57:15] "GET /running HTTP/1.1" 200 -
ADMIN: 1.0.0.127.in-addr.arpa - - [16/Apr/2015 15:57:15] "GET /pydirector.css HTTP/1.1" 200 -
ADMIN: 1.0.0.127.in-addr.arpa - - [16/Apr/2015 15:57:35] "GET /running HTTP/1.1" 200 -
ADMIN: 1.0.0.127.in-addr.arpa - - [16/Apr/2015 15:57:35] "GET /pydirector.css HTTP/1.1" 200 -
ADMIN: 1.0.0.127.in-addr.arpa - - [16/Apr/2015 15:57:37] "GET /running HTTP/1.1" 200 -
ADMIN: 1.0.0.127.in-addr.arpa - - [16/Apr/2015 15:57:37] "GET /pydirector.css HTTP/1.1" 200 -
ADMIN: 1.0.0.127.in-addr.arpa - - [16/Apr/2015 15:57:37] "GET /running HTTP/1.1" 200 -
ADMIN: 1.0.0.127.in-addr.arpa - - [16/Apr/2015 15:57:37] "GET /pydirector.css HTTP/1.1" 200 -
ADMIN: 1.0.0.127.in-addr.arpa - - [16/Apr/2015 15:57:39] "GET /running HTTP/1.1" 200 -
ADMIN: 1.0.0.127.in-addr.arpa - - [16/Apr/2015 15:57:39] "GET /pydirector.css HTTP/1.1" 200 -
ADMIN: 1.0.0.127.in-addr.arpa - - [16/Apr/2015 15:57:44] "GET /running HTTP/1.1" 200 -
ADMIN: 1.0.0.127.in-addr.arpa - - [16/Apr/2015 15:57:44] "GET /pydirector.css HTTP/1.1" 200 -
ADMIN: 1.0.0.127.in-addr.arpa - - [16/Apr/2015 15:57:45] "GET /running HTTP/1.1" 200 -
ADMIN: 1.0.0.127.in-addr.arpa - - [16/Apr/2015 15:57:45] "GET /pydirector.css HTTP/1.1" 200 -
ADMIN: 1.0.0.127.in-addr.arpa - - [16/Apr/2015 15:57:45] "GET /running HTTP/1.1" 200 -
ADMIN: 1.0.0.127.in-addr.arpa - - [16/Apr/2015 15:57:45] "GET /pydirector.css HTTP/1.1" 200 -
ADMIN: 1.0.0.127.in-addr.arpa - - [16/Apr/2015 15:59:38] "GET / HTTP/1.1" 401 -
ADMIN: 1.0.0.127.in-addr.arpa - - [16/Apr/2015 15:59:39] "GET / HTTP/1.1" 200 -
ADMIN: 1.0.0.127.in-addr.arpa - - [16/Apr/2015 15:59:41] "GET / HTTP/1.1" 200 -
ADMIN: 1.0.0.127.in-addr.arpa - - [16/Apr/2015 15:59:41] "GET /pydirector.css HTTP/1.1" 200 -
ADMIN: 1.0.0.127.in-addr.arpa - - [16/Apr/2015 15:59:41] "GET /favicon.ico HTTP/1.1" 404 -
ADMIN: 1.0.0.127.in-addr.arpa - - [16/Apr/2015 15:59:43] "GET /running HTTP/1.1" 200 -
ADMIN: 1.0.0.127.in-addr.arpa - - [16/Apr/2015 15:59:43] "GET /pydirector.css HTTP/1.1" 200 -
ADMIN: 1.0.0.127.in-addr.arpa - - [16/Apr/2015 15:59:44] "GET /running HTTP/1.1" 200 -
ADMIN: 1.0.0.127.in-addr.arpa - - [16/Apr/2015 15:59:44] "GET /pydirector.css HTTP/1.1" 200 -
ADMIN: 1.0.0.127.in-addr.arpa - - [16/Apr/2015 16:00:16] "GET /running HTTP/1.1" 200 -
ADMIN: 1.0.0.127.in-addr.arpa - - [16/Apr/2015 16:00:16] "GET /pydirector.css HTTP/1.1" 200 -
ADMIN: 1.0.0.127.in-addr.arpa - - [16/Apr/2015 16:00:17] "GET /running HTTP/1.1" 200 -
ADMIN: 1.0.0.127.in-addr.arpa - - [16/Apr/2015 16:00:17] "GET /pydirector.css HTTP/1.1" 200 -
ADMIN: 1.0.0.127.in-addr.arpa - - [16/Apr/2015 16:00:17] "GET /running HTTP/1.1" 200 -
ADMIN: 1.0.0.127.in-addr.arpa - - [16/Apr/2015 16:00:17] "GET /pydirector.css HTTP/1.1" 200 -
ADMIN: 1.0.0.127.in-addr.arpa - - [16/Apr/2015 16:00:20] "GET /running HTTP/1.1" 200 -
ADMIN: 1.0.0.127.in-addr.arpa - - [16/Apr/2015 16:00:20] "GET /pydirector.css HTTP/1.1" 200 -
ADMIN: 1.0.0.127.in-addr.arpa - - [16/Apr/2015 16:00:21] "GET /running HTTP/1.1" 200 -
ADMIN: 1.0.0.127.in-addr.arpa - - [16/Apr/2015 16:00:21] "GET /pydirector.css HTTP/1.1" 200 -
ADMIN: 1.0.0.127.in-addr.arpa - - [16/Apr/2015 16:00:21] "GET /running HTTP/1.1" 200 -
ADMIN: 1.0.0.127.in-addr.arpa - - [16/Apr/2015 16:00:21] "GET /pydirector.css HTTP/1.1" 200 -
ADMIN: 1.0.0.127.in-addr.arpa - - [16/Apr/2015 16:00:23] "GET /running.xml HTTP/1.1" 200 -
ADMIN: 1.0.0.127.in-addr.arpa - - [16/Apr/2015 16:00:39] "GET /config.xml HTTP/1.1" 200 -
ADMIN: 1.0.0.127.in-addr.arpa - - [16/Apr/2015 16:01:45] "GET /running?refresh=1&ignore=1429218021.84 HTTP/1.1" 200 -
ADMIN: 1.0.0.127.in-addr.arpa - - [16/Apr/2015 16:01:45] "GET /pydirector.css HTTP/1.1" 200 -
ADMIN: 1.0.0.127.in-addr.arpa - - [16/Apr/2015 16:02:45] "GET /running?refresh=1&ignore=1429218105.24 HTTP/1.1" 200 -
ADMIN: 1.0.0.127.in-addr.arpa - - [16/Apr/2015 16:02:45] "GET /pydirector.css HTTP/1.1" 200 -
ADMIN: 1.0.0.127.in-addr.arpa - - [16/Apr/2015 16:17:09] "GET / HTTP/1.1" 401 -
ADMIN: 1.0.0.127.in-addr.arpa - - [16/Apr/2015 16:17:11] "GET / HTTP/1.1" 200 -
ADMIN: 1.0.0.127.in-addr.arpa - - [16/Apr/2015 16:17:11] "GET /pydirector.css HTTP/1.1" 200 -
ADMIN: 1.0.0.127.in-addr.arpa - - [16/Apr/2015 16:17:12] "GET /favicon.ico HTTP/1.1" 404 -
ADMIN: 1.0.0.127.in-addr.arpa - - [16/Apr/2015 16:17:15] "GET /running HTTP/1.1" 200 -
ADMIN: 1.0.0.127.in-addr.arpa - - [16/Apr/2015 16:17:15] "GET /pydirector.css HTTP/1.1" 200 -
ADMIN: 1.0.0.127.in-addr.arpa - - [16/Apr/2015 16:18:15] "GET /running?refresh=1&ignore=1429219035.07 HTTP/1.1" 200 -
ADMIN: 1.0.0.127.in-addr.arpa - - [16/Apr/2015 16:18:15] "GET /pydirector.css HTTP/1.1" 200 -
ADMIN: 1.0.0.127.in-addr.arpa - - [16/Apr/2015 16:18:19] "GET /running?refresh=1&ignore=1429219035.07 HTTP/1.1" 200 -
ADMIN: 1.0.0.127.in-addr.arpa - - [16/Apr/2015 16:18:19] "GET /pydirector.css HTTP/1.1" 200 -
ADMIN: 1.0.0.127.in-addr.arpa - - [16/Apr/2015 16:18:19] "GET /running?refresh=1&ignore=1429219035.07 HTTP/1.1" 200 -
ADMIN: 1.0.0.127.in-addr.arpa - - [16/Apr/2015 16:18:19] "GET /pydirector.css HTTP/1.1" 200 -
ADMIN: 1.0.0.127.in-addr.arpa - - [16/Apr/2015 16:18:36] "GET /running?refresh=1&ignore=1429219035.07 HTTP/1.1" 200 -
ADMIN: 1.0.0.127.in-addr.arpa - - [16/Apr/2015 16:18:36] "GET /pydirector.css HTTP/1.1" 200 -
ADMIN: 1.0.0.127.in-addr.arpa - - [16/Apr/2015 16:18:36] "GET /running?refresh=1&ignore=1429219035.07 HTTP/1.1" 200 -
ADMIN: 1.0.0.127.in-addr.arpa - - [16/Apr/2015 16:18:36] "GET /pydirector.css HTTP/1.1" 200 -
ADMIN: 1.0.0.127.in-addr.arpa - - [16/Apr/2015 16:18:47] "GET /running?refresh=1&ignore=1429219035.07 HTTP/1.1" 200 -
ADMIN: 1.0.0.127.in-addr.arpa - - [16/Apr/2015 16:18:47] "GET /pydirector.css HTTP/1.1" 200 -
ADMIN: 1.0.0.127.in-addr.arpa - - [16/Apr/2015 16:18:48] "GET /running?refresh=1&ignore=1429219035.07 HTTP/1.1" 200 -
ADMIN: 1.0.0.127.in-addr.arpa - - [16/Apr/2015 16:18:48] "GET /pydirector.css HTTP/1.1" 200 -
ADMIN: 1.0.0.127.in-addr.arpa - - [16/Apr/2015 16:19:18] "GET /running?refresh=1&ignore=1429219035.07 HTTP/1.1" 200 -
ADMIN: 1.0.0.127.in-addr.arpa - - [16/Apr/2015 16:19:18] "GET /pydirector.css HTTP/1.1" 200 -
ADMIN: 1.0.0.127.in-addr.arpa - - [16/Apr/2015 16:19:19] "GET /running?refresh=1&ignore=1429219035.07 HTTP/1.1" 200 -
ADMIN: 1.0.0.127.in-addr.arpa - - [16/Apr/2015 16:19:19] "GET /pydirector.css HTTP/1.1" 200 -
ADMIN: 1.0.0.127.in-addr.arpa - - [16/Apr/2015 16:20:20] "GET /running?refresh=1&ignore=1429219159.31 HTTP/1.1" 200 -
ADMIN: 1.0.0.127.in-addr.arpa - - [16/Apr/2015 16:20:20] "GET /pydirector.css HTTP/1.1" 200 -
ADMIN: 1.0.0.127.in-addr.arpa - - [16/Apr/2015 16:20:37] "GET /running?refresh=1&ignore=1429219159.31 HTTP/1.1" 200 -
ADMIN: 1.0.0.127.in-addr.arpa - - [16/Apr/2015 16:20:37] "GET /pydirector.css HTTP/1.1" 200 -
ADMIN: 1.0.0.127.in-addr.arpa - - [16/Apr/2015 16:20:38] "GET /running?refresh=1&ignore=1429219159.31 HTTP/1.1" 200 -
ADMIN: 1.0.0.127.in-addr.arpa - - [16/Apr/2015 16:20:38] "GET /pydirector.css HTTP/1.1" 200 -
ADMIN: 1.0.0.127.in-addr.arpa - - [16/Apr/2015 16:20:39] "GET /running?refresh=1&ignore=1429219159.31 HTTP/1.1" 200 -
ADMIN: 1.0.0.127.in-addr.arpa - - [16/Apr/2015 16:20:39] "GET /pydirector.css HTTP/1.1" 200 -
ADMIN: 1.0.0.127.in-addr.arpa - - [16/Apr/2015 16:41:49] "GET / HTTP/1.1" 200 -
ADMIN: 1.0.0.127.in-addr.arpa - - [16/Apr/2015 16:41:49] "GET /pydirector.css HTTP/1.1" 200 -
ADMIN: 1.0.0.127.in-addr.arpa - - [16/Apr/2015 16:41:50] "GET /running HTTP/1.1" 200 -
ADMIN: 1.0.0.127.in-addr.arpa - - [16/Apr/2015 16:41:51] "GET /pydirector.css HTTP/1.1" 200 -
ADMIN: 1.0.0.127.in-addr.arpa - - [16/Apr/2015 16:42:51] "GET /running?refresh=1&ignore=1429220510.88 HTTP/1.1" 200 -
ADMIN: 1.0.0.127.in-addr.arpa - - [16/Apr/2015 16:42:51] "GET /pydirector.css HTTP/1.1" 200 -
ADMIN: 1.0.0.127.in-addr.arpa - - [16/Apr/2015 16:43:51] "GET /running?refresh=1&ignore=1429220571.13 HTTP/1.1" 200 -
ADMIN: 1.0.0.127.in-addr.arpa - - [16/Apr/2015 16:43:51] "GET /pydirector.css HTTP/1.1" 200 -
ADMIN: 1.0.0.127.in-addr.arpa - - [16/Apr/2015 16:44:51] "GET /running?refresh=1&ignore=1429220631.24 HTTP/1.1" 200 -
ADMIN: 1.0.0.127.in-addr.arpa - - [16/Apr/2015 16:44:51] "GET /pydirector.css HTTP/1.1" 200 -
ADMIN: 1.0.0.127.in-addr.arpa - - [16/Apr/2015 16:45:51] "GET /running?refresh=1&ignore=1429220691.38 HTTP/1.1" 200 -
ADMIN: 1.0.0.127.in-addr.arpa - - [16/Apr/2015 16:45:51] "GET /pydirector.css HTTP/1.1" 200 -
ADMIN: 1.0.0.127.in-addr.arpa - - [16/Apr/2015 23:13:48] "GET / HTTP/1.1" 401 -
ADMIN: 1.0.0.127.in-addr.arpa - - [16/Apr/2015 23:13:50] "GET / HTTP/1.1" 200 -
ADMIN: 1.0.0.127.in-addr.arpa - - [16/Apr/2015 23:13:50] "GET /pydirector.css HTTP/1.1" 200 -
ADMIN: 1.0.0.127.in-addr.arpa - - [16/Apr/2015 23:13:50] "GET /favicon.ico HTTP/1.1" 404 -
ADMIN: 1.0.0.127.in-addr.arpa - - [16/Apr/2015 23:13:51] "GET /running HTTP/1.1" 200 -
ADMIN: 1.0.0.127.in-addr.arpa - - [16/Apr/2015 23:13:52] "GET /pydirector.css HTTP/1.1" 200 -
ADMIN: 1.0.0.127.in-addr.arpa - - [16/Apr/2015 23:14:03] "GET /running HTTP/1.1" 200 -
ADMIN: 1.0.0.127.in-addr.arpa - - [16/Apr/2015 23:14:03] "GET /pydirector.css HTTP/1.1" 200 -
ADMIN: 1.0.0.127.in-addr.arpa - - [16/Apr/2015 23:14:04] "GET /running HTTP/1.1" 200 -
ADMIN: 1.0.0.127.in-addr.arpa - - [16/Apr/2015 23:14:04] "GET /pydirector.css HTTP/1.1" 200 -
ADMIN: 1.0.0.127.in-addr.arpa - - [16/Apr/2015 23:14:04] "GET /running HTTP/1.1" 200 -
ADMIN: 1.0.0.127.in-addr.arpa - - [16/Apr/2015 23:14:04] "GET /pydirector.css HTTP/1.1" 200 -
ADMIN: 1.0.0.127.in-addr.arpa - - [16/Apr/2015 23:15:04] "GET /running?refresh=1&ignore=1429244044.65 HTTP/1.1" 200 -
ADMIN: 1.0.0.127.in-addr.arpa - - [16/Apr/2015 23:15:04] "GET /pydirector.css HTTP/1.1" 200 -
ADMIN: 1.0.0.127.in-addr.arpa - - [16/Apr/2015 23:15:51] "GET /running?refresh=1&ignore=1429244044.65 HTTP/1.1" 200 -
ADMIN: 1.0.0.127.in-addr.arpa - - [16/Apr/2015 23:15:51] "GET /pydirector.css HTTP/1.1" 200 -
ADMIN: 1.0.0.127.in-addr.arpa - - [16/Apr/2015 23:15:51] "GET /running?refresh=1&ignore=1429244044.65 HTTP/1.1" 200 -
ADMIN: 1.0.0.127.in-addr.arpa - - [16/Apr/2015 23:15:51] "GET /pydirector.css HTTP/1.1" 200 -
ADMIN: 1.0.0.127.in-addr.arpa - - [16/Apr/2015 23:15:52] "GET /running?refresh=1&ignore=1429244044.65 HTTP/1.1" 200 -
ADMIN: 1.0.0.127.in-addr.arpa - - [16/Apr/2015 23:15:52] "GET /pydirector.css HTTP/1.1" 200 -
ADMIN: 1.0.0.127.in-addr.arpa - - [16/Apr/2015 23:15:57] "GET /running?ignore=1429244152.47 HTTP/1.1" 200 -
ADMIN: 1.0.0.127.in-addr.arpa - - [16/Apr/2015 23:15:57] "GET /pydirector.css HTTP/1.1" 200 -
ADMIN: 1.0.0.127.in-addr.arpa - - [16/Apr/2015 23:15:58] "GET /running?refresh=1&ignore=1429244157.16 HTTP/1.1" 200 -
ADMIN: 1.0.0.127.in-addr.arpa - - [16/Apr/2015 23:15:58] "GET /pydirector.css HTTP/1.1" 200 -
ADMIN: 1.0.0.127.in-addr.arpa - - [16/Apr/2015 23:15:59] "GET /running?ignore=1429244158.04 HTTP/1.1" 200 -
ADMIN: 1.0.0.127.in-addr.arpa - - [16/Apr/2015 23:15:59] "GET /pydirector.css HTTP/1.1" 200 -
ADMIN: 1.0.0.127.in-addr.arpa - - [16/Apr/2015 23:16:00] "GET /running?ignore=1429244159.59 HTTP/1.1" 200 -
ADMIN: 1.0.0.127.in-addr.arpa - - [16/Apr/2015 23:16:00] "GET /pydirector.css HTTP/1.1" 200 -
ADMIN: 1.0.0.127.in-addr.arpa - - [16/Apr/2015 23:16:00] "GET /running?ignore=1429244160.12 HTTP/1.1" 200 -
ADMIN: 1.0.0.127.in-addr.arpa - - [16/Apr/2015 23:16:00] "GET /pydirector.css HTTP/1.1" 200 -
ADMIN: 1.0.0.127.in-addr.arpa - - [16/Apr/2015 23:16:00] "GET /running?ignore=1429244160.35 HTTP/1.1" 200 -
ADMIN: 1.0.0.127.in-addr.arpa - - [16/Apr/2015 23:16:00] "GET /pydirector.css HTTP/1.1" 200 -
ADMIN: 1.0.0.127.in-addr.arpa - - [16/Apr/2015 23:16:00] "GET /running?ignore=1429244160.53 HTTP/1.1" 200 -
ADMIN: 1.0.0.127.in-addr.arpa - - [16/Apr/2015 23:16:00] "GET /pydirector.css HTTP/1.1" 200 -
ADMIN: 1.0.0.127.in-addr.arpa - - [16/Apr/2015 23:16:00] "GET /running?ignore=1429244160.73 HTTP/1.1" 200 -
ADMIN: 1.0.0.127.in-addr.arpa - - [16/Apr/2015 23:16:00] "GET /pydirector.css HTTP/1.1" 200 -
ADMIN: 1.0.0.127.in-addr.arpa - - [16/Apr/2015 23:16:01] "GET /running?ignore=1429244160.9 HTTP/1.1" 200 -
ADMIN: 1.0.0.127.in-addr.arpa - - [16/Apr/2015 23:16:01] "GET /pydirector.css HTTP/1.1" 200 -
ADMIN: 1.0.0.127.in-addr.arpa - - [16/Apr/2015 23:16:01] "GET /running?ignore=1429244161.08 HTTP/1.1" 200 -
ADMIN: 1.0.0.127.in-addr.arpa - - [16/Apr/2015 23:16:01] "GET /pydirector.css HTTP/1.1" 200 -
ADMIN: 1.0.0.127.in-addr.arpa - - [16/Apr/2015 23:16:01] "GET /running?ignore=1429244161.25 HTTP/1.1" 200 -
ADMIN: 1.0.0.127.in-addr.arpa - - [16/Apr/2015 23:16:01] "GET /pydirector.css HTTP/1.1" 200 -
ADMIN: 1.0.0.127.in-addr.arpa - - [16/Apr/2015 23:16:01] "GET /running?ignore=1429244161.42 HTTP/1.1" 200 -
ADMIN: 1.0.0.127.in-addr.arpa - - [16/Apr/2015 23:16:01] "GET /pydirector.css HTTP/1.1" 200 -
ADMIN: 1.0.0.127.in-addr.arpa - - [16/Apr/2015 23:16:01] "GET /running?ignore=1429244161.58 HTTP/1.1" 200 -
ADMIN: 1.0.0.127.in-addr.arpa - - [16/Apr/2015 23:16:01] "GET /pydirector.css HTTP/1.1" 200 -
ADMIN: 1.0.0.127.in-addr.arpa - - [16/Apr/2015 23:16:01] "GET /running?ignore=1429244161.74 HTTP/1.1" 200 -
ADMIN: 1.0.0.127.in-addr.arpa - - [16/Apr/2015 23:16:01] "GET /pydirector.css HTTP/1.1" 200 -
ADMIN: 1.0.0.127.in-addr.arpa - - [16/Apr/2015 23:16:02] "GET /running?ignore=1429244161.91 HTTP/1.1" 200 -
ADMIN: 1.0.0.127.in-addr.arpa - - [16/Apr/2015 23:16:02] "GET /pydirector.css HTTP/1.1" 200 -
ADMIN: 1.0.0.127.in-addr.arpa - - [16/Apr/2015 23:16:02] "GET /running?ignore=1429244162.07 HTTP/1.1" 200 -
ADMIN: 1.0.0.127.in-addr.arpa - - [16/Apr/2015 23:16:02] "GET /pydirector.css HTTP/1.1" 200 -
ADMIN: 1.0.0.127.in-addr.arpa - - [16/Apr/2015 23:16:02] "GET /running?ignore=1429244162.26 HTTP/1.1" 200 -
ADMIN: 1.0.0.127.in-addr.arpa - - [16/Apr/2015 23:16:02] "GET /pydirector.css HTTP/1.1" 200 -
ADMIN: 1.0.0.127.in-addr.arpa - - [16/Apr/2015 23:16:02] "GET /running?ignore=1429244162.43 HTTP/1.1" 200 -
ADMIN: 1.0.0.127.in-addr.arpa - - [16/Apr/2015 23:16:02] "GET /pydirector.css HTTP/1.1" 200 -
ADMIN: 1.0.0.127.in-addr.arpa - - [16/Apr/2015 23:16:02] "GET /running?ignore=1429244162.6 HTTP/1.1" 200 -
ADMIN: 1.0.0.127.in-addr.arpa - - [16/Apr/2015 23:16:02] "GET /pydirector.css HTTP/1.1" 200 -
ADMIN: 1.0.0.127.in-addr.arpa - - [16/Apr/2015 23:16:02] "GET /running?ignore=1429244162.77 HTTP/1.1" 200 -
ADMIN: 1.0.0.127.in-addr.arpa - - [16/Apr/2015 23:16:02] "GET /pydirector.css HTTP/1.1" 200 -
ADMIN: 1.0.0.127.in-addr.arpa - - [16/Apr/2015 23:16:03] "GET /running?ignore=1429244162.94 HTTP/1.1" 200 -
ADMIN: 1.0.0.127.in-addr.arpa - - [16/Apr/2015 23:16:03] "GET /pydirector.css HTTP/1.1" 200 -
ADMIN: 1.0.0.127.in-addr.arpa - - [16/Apr/2015 23:16:03] "GET /running?ignore=1429244163.12 HTTP/1.1" 200 -
ADMIN: 1.0.0.127.in-addr.arpa - - [16/Apr/2015 23:16:03] "GET /pydirector.css HTTP/1.1" 200 -
ADMIN: 1.0.0.127.in-addr.arpa - - [16/Apr/2015 23:16:03] "GET /running?ignore=1429244163.46 HTTP/1.1" 200 -
ADMIN: 1.0.0.127.in-addr.arpa - - [16/Apr/2015 23:16:03] "GET /pydirector.css HTTP/1.1" 200 -
ADMIN: 1.0.0.127.in-addr.arpa - - [16/Apr/2015 23:16:03] "GET /running?ignore=1429244163.66 HTTP/1.1" 200 -
ADMIN: 1.0.0.127.in-addr.arpa - - [16/Apr/2015 23:16:03] "GET /pydirector.css HTTP/1.1" 200 -
ADMIN: 1.0.0.127.in-addr.arpa - - [16/Apr/2015 23:16:04] "GET /running?ignore=1429244163.82 HTTP/1.1" 200 -
ADMIN: 1.0.0.127.in-addr.arpa - - [16/Apr/2015 23:16:04] "GET /pydirector.css HTTP/1.1" 200 -
ADMIN: 1.0.0.127.in-addr.arpa - - [16/Apr/2015 23:16:04] "GET /running?ignore=1429244164.0 HTTP/1.1" 200 -
ADMIN: 1.0.0.127.in-addr.arpa - - [16/Apr/2015 23:16:04] "GET /pydirector.css HTTP/1.1" 200 -
ADMIN: 1.0.0.127.in-addr.arpa - - [16/Apr/2015 23:16:04] "GET /running?ignore=1429244164.18 HTTP/1.1" 200 -
ADMIN: 1.0.0.127.in-addr.arpa - - [16/Apr/2015 23:16:04] "GET /pydirector.css HTTP/1.1" 200 -
ADMIN: 1.0.0.127.in-addr.arpa - - [16/Apr/2015 23:16:04] "GET /running?ignore=1429244164.34 HTTP/1.1" 200 -
ADMIN: 1.0.0.127.in-addr.arpa - - [16/Apr/2015 23:16:04] "GET /pydirector.css HTTP/1.1" 200 -
ADMIN: 1.0.0.127.in-addr.arpa - - [16/Apr/2015 23:16:04] "GET /running?ignore=1429244164.52 HTTP/1.1" 200 -
ADMIN: 1.0.0.127.in-addr.arpa - - [16/Apr/2015 23:16:04] "GET /pydirector.css HTTP/1.1" 200 -
ADMIN: 1.0.0.127.in-addr.arpa - - [16/Apr/2015 23:16:04] "GET /running?ignore=1429244164.69 HTTP/1.1" 200 -
ADMIN: 1.0.0.127.in-addr.arpa - - [16/Apr/2015 23:16:04] "GET /pydirector.css HTTP/1.1" 200 -
ADMIN: 1.0.0.127.in-addr.arpa - - [16/Apr/2015 23:16:05] "GET /running?ignore=1429244164.87 HTTP/1.1" 200 -
ADMIN: 1.0.0.127.in-addr.arpa - - [16/Apr/2015 23:16:05] "GET /pydirector.css HTTP/1.1" 200 -
ADMIN: 1.0.0.127.in-addr.arpa - - [16/Apr/2015 23:16:06] "GET /running?ignore=1429244165.03 HTTP/1.1" 200 -
ADMIN: 1.0.0.127.in-addr.arpa - - [16/Apr/2015 23:16:06] "GET /pydirector.css HTTP/1.1" 200 -
ADMIN: 1.0.0.127.in-addr.arpa - - [16/Apr/2015 23:16:06] "GET /running?ignore=1429244166.78 HTTP/1.1" 200 -
ADMIN: 1.0.0.127.in-addr.arpa - - [16/Apr/2015 23:16:06] "GET /pydirector.css HTTP/1.1" 200 -
ADMIN: 1.0.0.127.in-addr.arpa - - [16/Apr/2015 23:16:07] "GET /running?ignore=1429244166.95 HTTP/1.1" 200 -
ADMIN: 1.0.0.127.in-addr.arpa - - [16/Apr/2015 23:16:07] "GET /pydirector.css HTTP/1.1" 200 -
ADMIN: 1.0.0.127.in-addr.arpa - - [16/Apr/2015 23:17:07] "GET /running?refresh=1&ignore=1429244167.12 HTTP/1.1" 200 -
ADMIN: 1.0.0.127.in-addr.arpa - - [16/Apr/2015 23:17:07] "GET /pydirector.css HTTP/1.1" 200 -
ADMIN: 1.0.0.127.in-addr.arpa - - [16/Apr/2015 23:18:07] "GET /running?refresh=1&ignore=1429244227.19 HTTP/1.1" 200 -
ADMIN: 1.0.0.127.in-addr.arpa - - [16/Apr/2015 23:18:07] "GET /pydirector.css HTTP/1.1" 200 -
ADMIN: 1.0.0.127.in-addr.arpa - - [16/Apr/2015 23:19:07] "GET /running?refresh=1&ignore=1429244287.25 HTTP/1.1" 200 -
ADMIN: 1.0.0.127.in-addr.arpa - - [16/Apr/2015 23:19:07] "GET /pydirector.css HTTP/1.1" 200 -
ADMIN: 1.0.0.127.in-addr.arpa - - [16/Apr/2015 23:19:16] "GET /running?refresh=1&ignore=1429244287.25 HTTP/1.1" 200 -
ADMIN: 1.0.0.127.in-addr.arpa - - [16/Apr/2015 23:19:16] "GET /pydirector.css HTTP/1.1" 200 -
ADMIN: 1.0.0.127.in-addr.arpa - - [16/Apr/2015 23:19:16] "GET /running?refresh=1&ignore=1429244287.25 HTTP/1.1" 200 -
ADMIN: 1.0.0.127.in-addr.arpa - - [16/Apr/2015 23:19:16] "GET /pydirector.css HTTP/1.1" 200 -
ADMIN: 1.0.0.127.in-addr.arpa - - [16/Apr/2015 23:19:17] "GET /running?refresh=1&ignore=1429244287.25 HTTP/1.1" 200 -
ADMIN: 1.0.0.127.in-addr.arpa - - [16/Apr/2015 23:19:17] "GET /pydirector.css HTTP/1.1" 200 -
ADMIN: 1.0.0.127.in-addr.arpa - - [16/Apr/2015 23:19:17] "GET /running?refresh=1&ignore=1429244287.25 HTTP/1.1" 200 -
ADMIN: 1.0.0.127.in-addr.arpa - - [16/Apr/2015 23:19:17] "GET /pydirector.css HTTP/1.1" 200 -
ADMIN: 1.0.0.127.in-addr.arpa - - [16/Apr/2015 23:19:18] "GET /running?refresh=1&ignore=1429244287.25 HTTP/1.1" 200 -
ADMIN: 1.0.0.127.in-addr.arpa - - [16/Apr/2015 23:19:18] "GET /pydirector.css HTTP/1.1" 200 -
ADMIN: 1.0.0.127.in-addr.arpa - - [16/Apr/2015 23:21:00] "GET /running?refresh=1&ignore=1429244358.42 HTTP/1.1" 200 -
ADMIN: 1.0.0.127.in-addr.arpa - - [16/Apr/2015 23:21:00] "GET /pydirector.css HTTP/1.1" 200 -
ADMIN: 1.0.0.127.in-addr.arpa - - [16/Apr/2015 23:32:21] "GET /running?refresh=1&ignore=1429244460.84 HTTP/1.1" 200 -
ADMIN: 1.0.0.127.in-addr.arpa - - [16/Apr/2015 23:32:21] "GET /pydirector.css HTTP/1.1" 200 -
ADMIN: 1.0.0.127.in-addr.arpa - - [16/Apr/2015 23:32:22] "GET /running?refresh=1&ignore=1429244460.84 HTTP/1.1" 200 -
ADMIN: 1.0.0.127.in-addr.arpa - - [16/Apr/2015 23:32:22] "GET /pydirector.css HTTP/1.1" 200 -
ADMIN: 1.0.0.127.in-addr.arpa - - [16/Apr/2015 23:33:22] "GET /running?refresh=1&ignore=1429245142.77 HTTP/1.1" 200 -
ADMIN: 1.0.0.127.in-addr.arpa - - [16/Apr/2015 23:33:22] "GET /pydirector.css HTTP/1.1" 200 -
ADMIN: 1.0.0.127.in-addr.arpa - - [17/Apr/2015 15:03:20] "GET / HTTP/1.1" 401 -
ADMIN: 1.0.0.127.in-addr.arpa - - [17/Apr/2015 15:03:21] "GET / HTTP/1.1" 200 -
ADMIN: 1.0.0.127.in-addr.arpa - - [17/Apr/2015 15:03:22] "GET /pydirector.css HTTP/1.1" 200 -
ADMIN: 1.0.0.127.in-addr.arpa - - [17/Apr/2015 15:03:22] "GET /favicon.ico HTTP/1.1" 404 -
ADMIN: 1.0.0.127.in-addr.arpa - - [17/Apr/2015 15:03:23] "GET /running HTTP/1.1" 200 -
ADMIN: 1.0.0.127.in-addr.arpa - - [17/Apr/2015 15:03:23] "GET /pydirector.css HTTP/1.1" 200 -
ADMIN: 1.0.0.127.in-addr.arpa - - [17/Apr/2015 15:03:24] "GET /running HTTP/1.1" 200 -
ADMIN: 1.0.0.127.in-addr.arpa - - [17/Apr/2015 15:03:25] "GET /pydirector.css HTTP/1.1" 200 -
ADMIN: 1.0.0.127.in-addr.arpa - - [17/Apr/2015 15:04:21] "GET /running HTTP/1.1" 200 -
ADMIN: 1.0.0.127.in-addr.arpa - - [17/Apr/2015 15:04:21] "GET /pydirector.css HTTP/1.1" 200 -
ADMIN: 1.0.0.127.in-addr.arpa - - [17/Apr/2015 15:04:22] "GET /running HTTP/1.1" 200 -
ADMIN: 1.0.0.127.in-addr.arpa - - [17/Apr/2015 15:04:22] "GET /pydirector.css HTTP/1.1" 200 -
ADMIN: 1.0.0.127.in-addr.arpa - - [17/Apr/2015 15:04:23] "GET /running HTTP/1.1" 200 -
ADMIN: 1.0.0.127.in-addr.arpa - - [17/Apr/2015 15:04:23] "GET /pydirector.css HTTP/1.1" 200 -
ADMIN: 1.0.0.127.in-addr.arpa - - [17/Apr/2015 15:05:23] "GET /running?refresh=1&ignore=1429301063.33 HTTP/1.1" 200 -
ADMIN: 1.0.0.127.in-addr.arpa - - [17/Apr/2015 15:05:23] "GET /pydirector.css HTTP/1.1" 200 -
ADMIN: 1.0.0.127.in-addr.arpa - - [17/Apr/2015 15:05:38] "GET /running?refresh=1&ignore=1429301063.33 HTTP/1.1" 200 -
ADMIN: 1.0.0.127.in-addr.arpa - - [17/Apr/2015 15:05:39] "GET /pydirector.css HTTP/1.1" 200 -
ADMIN: 1.0.0.127.in-addr.arpa - - [17/Apr/2015 15:05:39] "GET /running?refresh=1&ignore=1429301063.33 HTTP/1.1" 200 -
ADMIN: 1.0.0.127.in-addr.arpa - - [17/Apr/2015 15:05:39] "GET /pydirector.css HTTP/1.1" 200 -
ADMIN: 1.0.0.127.in-addr.arpa - - [17/Apr/2015 15:05:39] "GET /running?refresh=1&ignore=1429301063.33 HTTP/1.1" 200 -
ADMIN: 1.0.0.127.in-addr.arpa - - [17/Apr/2015 15:05:40] "GET /pydirector.css HTTP/1.1" 200 -
ADMIN: 1.0.0.127.in-addr.arpa - - [17/Apr/2015 15:06:20] "GET /running?refresh=1&ignore=1429301063.33 HTTP/1.1" 200 -
ADMIN: 1.0.0.127.in-addr.arpa - - [17/Apr/2015 15:06:20] "GET /pydirector.css HTTP/1.1" 200 -
ADMIN: 1.0.0.127.in-addr.arpa - - [17/Apr/2015 15:06:21] "GET /running?refresh=1&ignore=1429301063.33 HTTP/1.1" 200 -
ADMIN: 1.0.0.127.in-addr.arpa - - [17/Apr/2015 15:06:21] "GET /pydirector.css HTTP/1.1" 200 -
ADMIN: 1.0.0.127.in-addr.arpa - - [17/Apr/2015 15:07:18] "GET /running?refresh=1&ignore=1429301063.33 HTTP/1.1" 200 -
ADMIN: 1.0.0.127.in-addr.arpa - - [17/Apr/2015 15:07:18] "GET /pydirector.css HTTP/1.1" 200 -
ADMIN: 1.0.0.127.in-addr.arpa - - [17/Apr/2015 15:07:19] "GET /running?refresh=1&ignore=1429301063.33 HTTP/1.1" 200 -
ADMIN: 1.0.0.127.in-addr.arpa - - [17/Apr/2015 15:07:19] "GET /pydirector.css HTTP/1.1" 200 -
ADMIN: 1.0.0.127.in-addr.arpa - - [17/Apr/2015 15:07:26] "GET /running?refresh=1&ignore=1429301063.33 HTTP/1.1" 200 -
ADMIN: 1.0.0.127.in-addr.arpa - - [17/Apr/2015 15:07:26] "GET /pydirector.css HTTP/1.1" 200 -
ADMIN: 1.0.0.127.in-addr.arpa - - [17/Apr/2015 15:07:35] "GET /running?refresh=1&ignore=1429301063.33 HTTP/1.1" 200 -
ADMIN: 1.0.0.127.in-addr.arpa - - [17/Apr/2015 15:07:35] "GET /pydirector.css HTTP/1.1" 200 -
ADMIN: 1.0.0.127.in-addr.arpa - - [17/Apr/2015 15:07:36] "GET /running?refresh=1&ignore=1429301063.33 HTTP/1.1" 200 -
ADMIN: 1.0.0.127.in-addr.arpa - - [17/Apr/2015 15:07:36] "GET /pydirector.css HTTP/1.1" 200 -
ADMIN: 1.0.0.127.in-addr.arpa - - [17/Apr/2015 15:07:36] "GET /running?refresh=1&ignore=1429301063.33 HTTP/1.1" 200 -
ADMIN: 1.0.0.127.in-addr.arpa - - [17/Apr/2015 15:07:36] "GET /pydirector.css HTTP/1.1" 200 -
ADMIN: 1.0.0.127.in-addr.arpa - - [17/Apr/2015 15:07:37] "GET /running?refresh=1&ignore=1429301063.33 HTTP/1.1" 200 -
ADMIN: 1.0.0.127.in-addr.arpa - - [17/Apr/2015 15:07:37] "GET /pydirector.css HTTP/1.1" 200 -
ADMIN: 1.0.0.127.in-addr.arpa - - [17/Apr/2015 15:07:45] "GET /running?refresh=1&ignore=1429301063.33 HTTP/1.1" 200 -
ADMIN: 1.0.0.127.in-addr.arpa - - [17/Apr/2015 15:07:45] "GET /pydirector.css HTTP/1.1" 200 -
ADMIN: 1.0.0.127.in-addr.arpa - - [17/Apr/2015 15:07:45] "GET /running?refresh=1&ignore=1429301063.33 HTTP/1.1" 200 -
ADMIN: 1.0.0.127.in-addr.arpa - - [17/Apr/2015 15:07:45] "GET /pydirector.css HTTP/1.1" 200 -
ADMIN: 1.0.0.127.in-addr.arpa - - [17/Apr/2015 15:08:46] "GET /running?refresh=1&ignore=1429301265.78 HTTP/1.1" 200 -
ADMIN: 1.0.0.127.in-addr.arpa - - [17/Apr/2015 15:08:46] "GET /pydirector.css HTTP/1.1" 200 -
ADMIN: 1.0.0.127.in-addr.arpa - - [17/Apr/2015 15:09:47] "GET /running?refresh=1&ignore=1429301326.33 HTTP/1.1" 200 -
ADMIN: 1.0.0.127.in-addr.arpa - - [17/Apr/2015 15:09:47] "GET /pydirector.css HTTP/1.1" 200 -
ADMIN: 1.0.0.127.in-addr.arpa - - [17/Apr/2015 15:10:47] "GET /running?refresh=1&ignore=1429301387.17 HTTP/1.1" 200 -
ADMIN: 1.0.0.127.in-addr.arpa - - [17/Apr/2015 15:10:47] "GET /pydirector.css HTTP/1.1" 200 -
ADMIN: 1.0.0.127.in-addr.arpa - - [17/Apr/2015 15:11:48] "GET /running?refresh=1&ignore=1429301447.43 HTTP/1.1" 200 -
ADMIN: 1.0.0.127.in-addr.arpa - - [17/Apr/2015 15:11:48] "GET /pydirector.css HTTP/1.1" 200 -
ADMIN: 1.0.0.127.in-addr.arpa - - [17/Apr/2015 15:12:48] "GET /running?refresh=1&ignore=1429301508.24 HTTP/1.1" 200 -
ADMIN: 1.0.0.127.in-addr.arpa - - [17/Apr/2015 15:12:48] "GET /pydirector.css HTTP/1.1" 200 -
ADMIN: 1.0.0.127.in-addr.arpa - - [17/Apr/2015 15:13:49] "GET /running?refresh=1&ignore=1429301568.87 HTTP/1.1" 200 -
ADMIN: 1.0.0.127.in-addr.arpa - - [17/Apr/2015 15:13:49] "GET /pydirector.css HTTP/1.1" 200 -
ADMIN: 1.0.0.127.in-addr.arpa - - [17/Apr/2015 15:14:50] "GET /running?refresh=1&ignore=1429301629.92 HTTP/1.1" 200 -
ADMIN: 1.0.0.127.in-addr.arpa - - [17/Apr/2015 15:14:50] "GET /pydirector.css HTTP/1.1" 200 -
ADMIN: 1.0.0.127.in-addr.arpa - - [17/Apr/2015 15:15:52] "GET /running?refresh=1&ignore=1429301690.94 HTTP/1.1" 200 -
ADMIN: 1.0.0.127.in-addr.arpa - - [17/Apr/2015 15:15:52] "GET /pydirector.css HTTP/1.1" 200 -
ADMIN: 1.0.0.127.in-addr.arpa - - [17/Apr/2015 15:16:52] "GET /running?refresh=1&ignore=1429301752.13 HTTP/1.1" 200 -
ADMIN: 1.0.0.127.in-addr.arpa - - [17/Apr/2015 15:16:52] "GET /pydirector.css HTTP/1.1" 200 -
ADMIN: 1.0.0.127.in-addr.arpa - - [17/Apr/2015 15:17:09] "GET /running?refresh=1&ignore=1429301752.13 HTTP/1.1" 200 -
ADMIN: 1.0.0.127.in-addr.arpa - - [17/Apr/2015 15:17:09] "GET /pydirector.css HTTP/1.1" 200 -
ADMIN: 1.0.0.127.in-addr.arpa - - [17/Apr/2015 15:17:10] "GET /running?refresh=1&ignore=1429301752.13 HTTP/1.1" 200 -
ADMIN: 1.0.0.127.in-addr.arpa - - [17/Apr/2015 15:17:10] "GET /pydirector.css HTTP/1.1" 200 -
ADMIN: 1.0.0.127.in-addr.arpa - - [17/Apr/2015 15:17:35] "GET /running?refresh=1&ignore=1429301752.13 HTTP/1.1" 200 -
ADMIN: 1.0.0.127.in-addr.arpa - - [17/Apr/2015 15:17:35] "GET /pydirector.css HTTP/1.1" 200 -
ADMIN: 1.0.0.127.in-addr.arpa - - [17/Apr/2015 15:17:36] "GET /running?refresh=1&ignore=1429301752.13 HTTP/1.1" 200 -
ADMIN: 1.0.0.127.in-addr.arpa - - [17/Apr/2015 15:17:36] "GET /pydirector.css HTTP/1.1" 200 -
ADMIN: 1.0.0.127.in-addr.arpa - - [17/Apr/2015 15:17:58] "GET /running?refresh=1&ignore=1429301752.13 HTTP/1.1" 200 -
ADMIN: 1.0.0.127.in-addr.arpa - - [17/Apr/2015 15:17:58] "GET /pydirector.css HTTP/1.1" 200 -
ADMIN: 1.0.0.127.in-addr.arpa - - [17/Apr/2015 15:17:59] "GET /running?refresh=1&ignore=1429301752.13 HTTP/1.1" 200 -
ADMIN: 1.0.0.127.in-addr.arpa - - [17/Apr/2015 15:17:59] "GET /pydirector.css HTTP/1.1" 200 -
ADMIN: 1.0.0.127.in-addr.arpa - - [17/Apr/2015 15:18:24] "GET /running?refresh=1&ignore=1429301752.13 HTTP/1.1" 200 -
ADMIN: 1.0.0.127.in-addr.arpa - - [17/Apr/2015 15:18:24] "GET /pydirector.css HTTP/1.1" 200 -
ADMIN: 1.0.0.127.in-addr.arpa - - [17/Apr/2015 15:19:24] "GET /running?refresh=1&ignore=1429301904.23 HTTP/1.1" 200 -
ADMIN: 1.0.0.127.in-addr.arpa - - [17/Apr/2015 15:19:24] "GET /pydirector.css HTTP/1.1" 200 -
ADMIN: 1.0.0.127.in-addr.arpa - - [17/Apr/2015 15:19:25] "GET /running?refresh=1&ignore=1429301904.23 HTTP/1.1" 200 -
ADMIN: 1.0.0.127.in-addr.arpa - - [17/Apr/2015 15:19:25] "GET /pydirector.css HTTP/1.1" 200 -
ADMIN: 1.0.0.127.in-addr.arpa - - [17/Apr/2015 15:19:25] "GET /running?refresh=1&ignore=1429301904.23 HTTP/1.1" 200 -
ADMIN: 1.0.0.127.in-addr.arpa - - [17/Apr/2015 15:19:25] "GET /pydirector.css HTTP/1.1" 200 -
ADMIN: 1.0.0.127.in-addr.arpa - - [17/Apr/2015 15:20:26] "GET /running?refresh=1&ignore=1429301965.78 HTTP/1.1" 200 -
ADMIN: 1.0.0.127.in-addr.arpa - - [17/Apr/2015 15:20:26] "GET /pydirector.css HTTP/1.1" 200 -
ADMIN: 1.0.0.127.in-addr.arpa - - [17/Apr/2015 15:20:37] "GET /running?refresh=1&ignore=1429301965.78 HTTP/1.1" 200 -
ADMIN: 1.0.0.127.in-addr.arpa - - [17/Apr/2015 15:20:37] "GET /pydirector.css HTTP/1.1" 200 -
ADMIN: 1.0.0.127.in-addr.arpa - - [17/Apr/2015 15:20:56] "GET /running?refresh=1&ignore=1429301965.78 HTTP/1.1" 200 -
ADMIN: 1.0.0.127.in-addr.arpa - - [17/Apr/2015 15:20:57] "GET /pydirector.css HTTP/1.1" 200 -
ADMIN: 1.0.0.127.in-addr.arpa - - [17/Apr/2015 15:21:41] "GET /running?refresh=1&ignore=1429301965.78 HTTP/1.1" 200 -
ADMIN: 1.0.0.127.in-addr.arpa - - [17/Apr/2015 15:21:41] "GET /pydirector.css HTTP/1.1" 200 -
ADMIN: 1.0.0.127.in-addr.arpa - - [17/Apr/2015 15:22:10] "GET /running?refresh=1&ignore=1429301965.78 HTTP/1.1" 200 -
ADMIN: 1.0.0.127.in-addr.arpa - - [17/Apr/2015 15:22:10] "GET /pydirector.css HTTP/1.1" 200 -
ADMIN: 1.0.0.127.in-addr.arpa - - [17/Apr/2015 15:22:26] "GET /running?refresh=1&ignore=1429301965.78 HTTP/1.1" 200 -
ADMIN: 1.0.0.127.in-addr.arpa - - [17/Apr/2015 15:22:26] "GET /pydirector.css HTTP/1.1" 200 -
ADMIN: 1.0.0.127.in-addr.arpa - - [17/Apr/2015 15:23:03] "GET /running?refresh=1&ignore=1429301965.78 HTTP/1.1" 200 -
ADMIN: 1.0.0.127.in-addr.arpa - - [17/Apr/2015 15:23:04] "GET /pydirector.css HTTP/1.1" 200 -
ADMIN: 1.0.0.127.in-addr.arpa - - [17/Apr/2015 15:23:04] "GET /running?refresh=1&ignore=1429301965.78 HTTP/1.1" 200 -
ADMIN: 1.0.0.127.in-addr.arpa - - [17/Apr/2015 15:23:04] "GET /pydirector.css HTTP/1.1" 200 -
ADMIN: 1.0.0.127.in-addr.arpa - - [17/Apr/2015 15:24:04] "GET /running?refresh=1&ignore=1429301965.78 HTTP/1.1" 200 -
ADMIN: 1.0.0.127.in-addr.arpa - - [17/Apr/2015 15:24:04] "GET /pydirector.css HTTP/1.1" 200 -
ADMIN: 1.0.0.127.in-addr.arpa - - [17/Apr/2015 15:24:04] "GET /running?refresh=1&ignore=1429301965.78 HTTP/1.1" 200 -
ADMIN: 1.0.0.127.in-addr.arpa - - [17/Apr/2015 15:24:04] "GET /pydirector.css HTTP/1.1" 200 -
ADMIN: 1.0.0.127.in-addr.arpa - - [17/Apr/2015 15:24:24] "GET /running?refresh=1&ignore=1429301965.78 HTTP/1.1" 200 -
ADMIN: 1.0.0.127.in-addr.arpa - - [17/Apr/2015 15:24:24] "GET /pydirector.css HTTP/1.1" 200 -
ADMIN: 1.0.0.127.in-addr.arpa - - [17/Apr/2015 15:24:25] "GET /running?refresh=1&ignore=1429301965.78 HTTP/1.1" 200 -
ADMIN: 1.0.0.127.in-addr.arpa - - [17/Apr/2015 15:24:25] "GET /pydirector.css HTTP/1.1" 200 -
ADMIN: 1.0.0.127.in-addr.arpa - - [17/Apr/2015 15:25:25] "GET /running?refresh=1&ignore=1429302265.11 HTTP/1.1" 200 -
ADMIN: 1.0.0.127.in-addr.arpa - - [17/Apr/2015 15:25:26] "GET /pydirector.css HTTP/1.1" 200 -
ADMIN: 1.0.0.127.in-addr.arpa - - [17/Apr/2015 15:26:26] "GET /running?refresh=1&ignore=1429302325.93 HTTP/1.1" 200 -
ADMIN: 1.0.0.127.in-addr.arpa - - [17/Apr/2015 15:26:26] "GET /pydirector.css HTTP/1.1" 200 -
ADMIN: 1.0.0.127.in-addr.arpa - - [17/Apr/2015 15:27:27] "GET /running?refresh=1&ignore=1429302386.89 HTTP/1.1" 200 -
ADMIN: 1.0.0.127.in-addr.arpa - - [17/Apr/2015 15:27:27] "GET /pydirector.css HTTP/1.1" 200 -
ADMIN: 1.0.0.127.in-addr.arpa - - [17/Apr/2015 15:28:28] "GET /running?refresh=1&ignore=1429302447.91 HTTP/1.1" 200 -
ADMIN: 1.0.0.127.in-addr.arpa - - [17/Apr/2015 15:28:29] "GET /pydirector.css HTTP/1.1" 200 -
ADMIN: 1.0.0.127.in-addr.arpa - - [17/Apr/2015 15:29:29] "GET /running?refresh=1&ignore=1429302508.99 HTTP/1.1" 200 -
ADMIN: 1.0.0.127.in-addr.arpa - - [17/Apr/2015 15:29:29] "GET /pydirector.css HTTP/1.1" 200 -
ADMIN: 1.0.0.127.in-addr.arpa - - [17/Apr/2015 15:30:29] "GET /running?refresh=1&ignore=1429302569.14 HTTP/1.1" 200 -
ADMIN: 1.0.0.127.in-addr.arpa - - [17/Apr/2015 15:30:29] "GET /pydirector.css HTTP/1.1" 200 -
ADMIN: 1.0.0.127.in-addr.arpa - - [17/Apr/2015 15:31:29] "GET /running?refresh=1&ignore=1429302629.85 HTTP/1.1" 200 -
ADMIN: 1.0.0.127.in-addr.arpa - - [17/Apr/2015 15:31:30] "GET /pydirector.css HTTP/1.1" 200 -
ADMIN: 1.0.0.127.in-addr.arpa - - [17/Apr/2015 15:32:30] "GET /running?refresh=1&ignore=1429302689.95 HTTP/1.1" 200 -
ADMIN: 1.0.0.127.in-addr.arpa - - [17/Apr/2015 15:32:30] "GET /pydirector.css HTTP/1.1" 200 -
ADMIN: 1.0.0.127.in-addr.arpa - - [17/Apr/2015 15:33:30] "GET /running?refresh=1&ignore=1429302750.06 HTTP/1.1" 200 -
ADMIN: 1.0.0.127.in-addr.arpa - - [17/Apr/2015 15:33:30] "GET /pydirector.css HTTP/1.1" 200 -
ADMIN: 1.0.0.127.in-addr.arpa - - [17/Apr/2015 15:34:30] "GET /running?refresh=1&ignore=1429302810.16 HTTP/1.1" 200 -
ADMIN: 1.0.0.127.in-addr.arpa - - [17/Apr/2015 15:34:30] "GET /pydirector.css HTTP/1.1" 200 -
ADMIN: 1.0.0.127.in-addr.arpa - - [17/Apr/2015 15:35:07] "GET /running?refresh=1&ignore=1429302810.16 HTTP/1.1" 200 -
ADMIN: 1.0.0.127.in-addr.arpa - - [17/Apr/2015 15:35:07] "GET /pydirector.css HTTP/1.1" 200 -
ADMIN: 1.0.0.127.in-addr.arpa - - [17/Apr/2015 15:35:07] "GET /running?refresh=1&ignore=1429302810.16 HTTP/1.1" 200 -
ADMIN: 1.0.0.127.in-addr.arpa - - [17/Apr/2015 15:35:07] "GET /pydirector.css HTTP/1.1" 200 -
ADMIN: 1.0.0.127.in-addr.arpa - - [17/Apr/2015 15:35:08] "GET /running?refresh=1&ignore=1429302810.16 HTTP/1.1" 200 -
ADMIN: 1.0.0.127.in-addr.arpa - - [17/Apr/2015 15:35:08] "GET /pydirector.css HTTP/1.1" 200 -
ADMIN: 1.0.0.127.in-addr.arpa - - [17/Apr/2015 15:35:27] "GET /running?refresh=1&ignore=1429302810.16 HTTP/1.1" 200 -
ADMIN: 1.0.0.127.in-addr.arpa - - [17/Apr/2015 15:35:27] "GET /pydirector.css HTTP/1.1" 200 -
ADMIN: 1.0.0.127.in-addr.arpa - - [17/Apr/2015 15:35:27] "GET /running?refresh=1&ignore=1429302810.16 HTTP/1.1" 200 -
ADMIN: 1.0.0.127.in-addr.arpa - - [17/Apr/2015 15:35:27] "GET /pydirector.css HTTP/1.1" 200 -
ADMIN: 1.0.0.127.in-addr.arpa - - [17/Apr/2015 15:36:28] "GET /running?refresh=1&ignore=1429302927.93 HTTP/1.1" 200 -
ADMIN: 1.0.0.127.in-addr.arpa - - [17/Apr/2015 15:36:28] "GET /pydirector.css HTTP/1.1" 200 -
ADMIN: 1.0.0.127.in-addr.arpa - - [17/Apr/2015 15:36:47] "GET /running?refresh=1&ignore=1429302927.93 HTTP/1.1" 200 -
ADMIN: 1.0.0.127.in-addr.arpa - - [17/Apr/2015 15:36:48] "GET /pydirector.css HTTP/1.1" 200 -
ADMIN: 1.0.0.127.in-addr.arpa - - [17/Apr/2015 15:37:07] "GET /running?refresh=1&ignore=1429302927.93 HTTP/1.1" 200 -
ADMIN: 1.0.0.127.in-addr.arpa - - [17/Apr/2015 15:37:07] "GET /pydirector.css HTTP/1.1" 200 -
ADMIN: 1.0.0.127.in-addr.arpa - - [17/Apr/2015 15:37:07] "GET /running?refresh=1&ignore=1429302927.93 HTTP/1.1" 200 -
ADMIN: 1.0.0.127.in-addr.arpa - - [17/Apr/2015 15:37:07] "GET /pydirector.css HTTP/1.1" 200 -
ADMIN: 1.0.0.127.in-addr.arpa - - [17/Apr/2015 15:37:23] "GET /running?refresh=1&ignore=1429302927.93 HTTP/1.1" 200 -
ADMIN: 1.0.0.127.in-addr.arpa - - [17/Apr/2015 15:37:23] "GET /pydirector.css HTTP/1.1" 200 -
ADMIN: 1.0.0.127.in-addr.arpa - - [17/Apr/2015 15:37:24] "GET /running?refresh=1&ignore=1429302927.93 HTTP/1.1" 200 -
ADMIN: 1.0.0.127.in-addr.arpa - - [17/Apr/2015 15:37:24] "GET /pydirector.css HTTP/1.1" 200 -
ADMIN: 1.0.0.127.in-addr.arpa - - [17/Apr/2015 15:37:31] "GET /running?refresh=1&ignore=1429302927.93 HTTP/1.1" 200 -
ADMIN: 1.0.0.127.in-addr.arpa - - [17/Apr/2015 15:37:31] "GET /pydirector.css HTTP/1.1" 200 -
ADMIN: 1.0.0.127.in-addr.arpa - - [17/Apr/2015 15:37:31] "GET /running?refresh=1&ignore=1429302927.93 HTTP/1.1" 200 -
ADMIN: 1.0.0.127.in-addr.arpa - - [17/Apr/2015 15:37:31] "GET /pydirector.css HTTP/1.1" 200 -
ADMIN: 1.0.0.127.in-addr.arpa - - [17/Apr/2015 15:37:42] "GET /running?refresh=1&ignore=1429302927.93 HTTP/1.1" 200 -
ADMIN: 1.0.0.127.in-addr.arpa - - [17/Apr/2015 15:37:42] "GET /pydirector.css HTTP/1.1" 200 -
ADMIN: 1.0.0.127.in-addr.arpa - - [17/Apr/2015 15:37:43] "GET /running?refresh=1&ignore=1429302927.93 HTTP/1.1" 200 -
ADMIN: 1.0.0.127.in-addr.arpa - - [17/Apr/2015 15:37:43] "GET /pydirector.css HTTP/1.1" 200 -
ADMIN: 1.0.0.127.in-addr.arpa - - [17/Apr/2015 15:38:11] "GET /running?refresh=1&ignore=1429302927.93 HTTP/1.1" 200 -
ADMIN: 1.0.0.127.in-addr.arpa - - [17/Apr/2015 15:38:12] "GET /pydirector.css HTTP/1.1" 200 -
ADMIN: 1.0.0.127.in-addr.arpa - - [17/Apr/2015 15:38:13] "GET /running?refresh=1&ignore=1429302927.93 HTTP/1.1" 200 -
ADMIN: 1.0.0.127.in-addr.arpa - - [17/Apr/2015 15:38:13] "GET /pydirector.css HTTP/1.1" 200 -
ADMIN: 1.0.0.127.in-addr.arpa - - [24/Apr/2015 21:49:58] "GET / HTTP/1.1" 401 -
ADMIN: 1.0.0.127.in-addr.arpa - - [24/Apr/2015 21:50:00] "GET / HTTP/1.1" 200 -
ADMIN: 1.0.0.127.in-addr.arpa - - [24/Apr/2015 21:50:01] "GET /pydirector.css HTTP/1.1" 200 -
ADMIN: 1.0.0.127.in-addr.arpa - - [24/Apr/2015 21:50:01] "GET /favicon.ico HTTP/1.1" 404 -
ADMIN: 1.0.0.127.in-addr.arpa - - [24/Apr/2015 21:50:02] "GET /running HTTP/1.1" 200 -
ADMIN: 1.0.0.127.in-addr.arpa - - [24/Apr/2015 21:50:02] "GET /pydirector.css HTTP/1.1" 200 -
ADMIN: 1.0.0.127.in-addr.arpa - - [24/Apr/2015 21:50:04] "GET /running?ignore=1429930202.7 HTTP/1.1" 200 -
ADMIN: 1.0.0.127.in-addr.arpa - - [24/Apr/2015 21:50:04] "GET /pydirector.css HTTP/1.1" 200 -
ADMIN: 1.0.0.127.in-addr.arpa - - [24/Apr/2015 21:50:05] "GET /running?ignore=1429930204.9 HTTP/1.1" 200 -
ADMIN: 1.0.0.127.in-addr.arpa - - [24/Apr/2015 21:50:05] "GET /pydirector.css HTTP/1.1" 200 -
ADMIN: 1.0.0.127.in-addr.arpa - - [24/Apr/2015 21:50:08] "GET /running?ignore=1429930204.9 HTTP/1.1" 200 -
ADMIN: 1.0.0.127.in-addr.arpa - - [24/Apr/2015 21:50:08] "GET /pydirector.css HTTP/1.1" 200 -
ADMIN: 1.0.0.127.in-addr.arpa - - [24/Apr/2015 21:50:09] "GET /running?ignore=1429930204.9 HTTP/1.1" 200 -
ADMIN: 1.0.0.127.in-addr.arpa - - [24/Apr/2015 21:50:09] "GET /pydirector.css HTTP/1.1" 200 -
ADMIN: 1.0.0.127.in-addr.arpa - - [24/Apr/2015 21:50:14] "GET /running?ignore=1429930204.9 HTTP/1.1" 200 -
ADMIN: 1.0.0.127.in-addr.arpa - - [24/Apr/2015 21:50:14] "GET /pydirector.css HTTP/1.1" 200 -
ADMIN: 1.0.0.127.in-addr.arpa - - [24/Apr/2015 21:50:14] "GET /running?ignore=1429930204.9 HTTP/1.1" 200 -
ADMIN: 1.0.0.127.in-addr.arpa - - [24/Apr/2015 21:50:14] "GET /pydirector.css HTTP/1.1" 200 -
ADMIN: 1.0.0.127.in-addr.arpa - - [24/Apr/2015 21:50:32] "GET /running?ignore=1429930204.9 HTTP/1.1" 200 -
ADMIN: 1.0.0.127.in-addr.arpa - - [24/Apr/2015 21:50:32] "GET /pydirector.css HTTP/1.1" 200 -
ADMIN: 1.0.0.127.in-addr.arpa - - [24/Apr/2015 21:50:33] "GET /running?ignore=1429930204.9 HTTP/1.1" 200 -
ADMIN: 1.0.0.127.in-addr.arpa - - [24/Apr/2015 21:50:33] "GET /pydirector.css HTTP/1.1" 200 -
ADMIN: 1.0.0.127.in-addr.arpa - - [24/Apr/2015 21:51:33] "GET /running?refresh=1&ignore=1429930233.11 HTTP/1.1" 200 -
ADMIN: 1.0.0.127.in-addr.arpa - - [24/Apr/2015 21:51:33] "GET /pydirector.css HTTP/1.1" 200 -
ADMIN: 1.0.0.127.in-addr.arpa - - [24/Apr/2015 21:53:45] "GET /running?refresh=1&ignore=1429930293.17 HTTP/1.1" 200 -
ADMIN: 1.0.0.127.in-addr.arpa - - [24/Apr/2015 21:53:45] "GET /pydirector.css HTTP/1.1" 200 -
ADMIN: 1.0.0.127.in-addr.arpa - - [24/Apr/2015 21:53:46] "GET /running?refresh=1&ignore=1429930293.17 HTTP/1.1" 200 -
ADMIN: 1.0.0.127.in-addr.arpa - - [24/Apr/2015 21:53:46] "GET /pydirector.css HTTP/1.1" 200 -
ADMIN: 1.0.0.127.in-addr.arpa - - [24/Apr/2015 21:53:49] "GET /running?refresh=1&ignore=1429930293.17 HTTP/1.1" 200 -
ADMIN: 1.0.0.127.in-addr.arpa - - [24/Apr/2015 21:53:49] "GET /pydirector.css HTTP/1.1" 200 -
ADMIN: 1.0.0.127.in-addr.arpa - - [24/Apr/2015 21:53:52] "GET /running?refresh=1&ignore=1429930293.17 HTTP/1.1" 200 -
ADMIN: 1.0.0.127.in-addr.arpa - - [24/Apr/2015 21:53:52] "GET /pydirector.css HTTP/1.1" 200 -
ADMIN: 1.0.0.127.in-addr.arpa - - [24/Apr/2015 21:54:05] "GET /running?refresh=1&ignore=1429930293.17 HTTP/1.1" 200 -
ADMIN: 1.0.0.127.in-addr.arpa - - [24/Apr/2015 21:54:05] "GET /pydirector.css HTTP/1.1" 200 -
ADMIN: 1.0.0.127.in-addr.arpa - - [24/Apr/2015 21:54:09] "GET /running?refresh=1&ignore=1429930293.17 HTTP/1.1" 200 -
ADMIN: 1.0.0.127.in-addr.arpa - - [24/Apr/2015 21:54:09] "GET /pydirector.css HTTP/1.1" 200 -
ADMIN: 1.0.0.127.in-addr.arpa - - [24/Apr/2015 21:54:41] "GET /running?refresh=1&ignore=1429930293.17 HTTP/1.1" 200 -
ADMIN: 1.0.0.127.in-addr.arpa - - [24/Apr/2015 21:54:41] "GET /pydirector.css HTTP/1.1" 200 -
ADMIN: 1.0.0.127.in-addr.arpa - - [24/Apr/2015 21:55:41] "GET /running?refresh=1&ignore=1429930481.05 HTTP/1.1" 200 -
ADMIN: 1.0.0.127.in-addr.arpa - - [24/Apr/2015 21:55:41] "GET /pydirector.css HTTP/1.1" 200 -
ADMIN: 1.0.0.127.in-addr.arpa - - [24/Apr/2015 21:56:42] "GET /running?refresh=1&ignore=1429930541.82 HTTP/1.1" 200 -
ADMIN: 1.0.0.127.in-addr.arpa - - [24/Apr/2015 21:56:42] "GET /pydirector.css HTTP/1.1" 200 -
ADMIN: 1.0.0.127.in-addr.arpa - - [24/Apr/2015 21:57:28] "GET /running?refresh=1&ignore=1429930541.82 HTTP/1.1" 200 -
ADMIN: 1.0.0.127.in-addr.arpa - - [24/Apr/2015 21:57:28] "GET /pydirector.css HTTP/1.1" 200 -
ADMIN: 1.0.0.127.in-addr.arpa - - [24/Apr/2015 21:57:39] "GET /running?refresh=1&ignore=1429930541.82 HTTP/1.1" 200 -
ADMIN: 1.0.0.127.in-addr.arpa - - [24/Apr/2015 21:57:39] "GET /pydirector.css HTTP/1.1" 200 -
ADMIN: 1.0.0.127.in-addr.arpa - - [24/Apr/2015 21:57:51] "GET /running?refresh=1&ignore=1429930541.82 HTTP/1.1" 200 -
ADMIN: 1.0.0.127.in-addr.arpa - - [24/Apr/2015 21:57:51] "GET /pydirector.css HTTP/1.1" 200 -
ADMIN: 1.0.0.127.in-addr.arpa - - [24/Apr/2015 21:58:51] "GET /running?refresh=1&ignore=1429930671.05 HTTP/1.1" 200 -
ADMIN: 1.0.0.127.in-addr.arpa - - [24/Apr/2015 21:58:51] "GET /pydirector.css HTTP/1.1" 200 -
ADMIN: 1.0.0.127.in-addr.arpa - - [09/May/2015 12:47:57] "GET / HTTP/1.1" 401 -
ADMIN: 1.0.0.127.in-addr.arpa - - [09/May/2015 12:47:59] "GET / HTTP/1.1" 200 -
ADMIN: 1.0.0.127.in-addr.arpa - - [09/May/2015 12:47:59] "GET /pydirector.css HTTP/1.1" 200 -
ADMIN: 1.0.0.127.in-addr.arpa - - [09/May/2015 12:48:00] "GET /favicon.ico HTTP/1.1" 404 -
ADMIN: 1.0.0.127.in-addr.arpa - - [09/May/2015 13:03:17] "GET / HTTP/1.1" 200 -
ADMIN: 1.0.0.127.in-addr.arpa - - [09/May/2015 13:03:17] "GET /pydirector.css HTTP/1.1" 200 -
