ADMIN: 1.0.0.127.in-addr.arpa - - [16/Apr/2015 15:30:30] "GET / HTTP/1.1" 401 -
ADMIN: 1.0.0.127.in-addr.arpa - - [16/Apr/2015 15:30:38] "GET / HTTP/1.1" 401 -
ADMIN: 1.0.0.127.in-addr.arpa - - [16/Apr/2015 15:30:41] "GET /favicon.ico HTTP/1.1" 401 -
ADMIN: 1.0.0.127.in-addr.arpa - - [16/Apr/2015 15:39:14] "GET / HTTP/1.1" 401 -
ADMIN: 1.0.0.127.in-addr.arpa - - [16/Apr/2015 15:39:26] "GET / HTTP/1.1" 401 -
ADMIN: 1.0.0.127.in-addr.arpa - - [16/Apr/2015 15:39:37] "GET / HTTP/1.1" 401 -
ADMIN: 1.0.0.127.in-addr.arpa - - [16/Apr/2015 15:39:43] "GET / HTTP/1.1" 401 -
ADMIN: 1.0.0.127.in-addr.arpa - - [16/Apr/2015 15:43:44] "GET / HTTP/1.1" 401 -
ADMIN: 1.0.0.127.in-addr.arpa - - [16/Apr/2015 15:46:45] "GET / HTTP/1.1" 401 -
ADMIN: 1.0.0.127.in-addr.arpa - - [16/Apr/2015 15:48:53] "GET / HTTP/1.1" 200 -
ADMIN: 1.0.0.127.in-addr.arpa - - [16/Apr/2015 15:48:53] "GET /pydirector.css HTTP/1.1" 200 -
ADMIN: 1.0.0.127.in-addr.arpa - - [16/Apr/2015 15:48:53] "GET / HTTP/1.1" 200 -
ADMIN: 1.0.0.127.in-addr.arpa - - [16/Apr/2015 15:48:53] "GET /favicon.ico HTTP/1.1" 404 -
ADMIN: 1.0.0.127.in-addr.arpa - - [16/Apr/2015 15:48:54] "GET /pydirector.css HTTP/1.1" 200 -
ADMIN: 1.0.0.127.in-addr.arpa - - [16/Apr/2015 15:49:03] "GET /running HTTP/1.1" 200 -
ADMIN: 1.0.0.127.in-addr.arpa - - [16/Apr/2015 15:49:03] "GET /pydirector.css HTTP/1.1" 200 -
16/04/2015 15:49:36 marking host ('127.0.0.1', 8002) down ([Failure instance: Traceback (failure with no frames): <class 'twisted.internet.error.ConnectionRefusedError'>: Connection was refused by other side: 61: Connection refused.
])
16/04/2015 15:49:36 retrying with ('127.0.0.1', 8003)
16/04/2015 15:49:36 marking host ('127.0.0.1', 8003) down ([Failure instance: Traceback (failure with no frames): <class 'twisted.internet.error.ConnectionRefusedError'>: Connection was refused by other side: 61: Connection refused.
])
16/04/2015 15:49:36 retrying with ('127.0.0.1', 8004)
16/04/2015 15:49:36 marking host ('127.0.0.1', 8004) down ([Failure instance: Traceback (failure with no frames): <class 'twisted.internet.error.ConnectionRefusedError'>: Connection was refused by other side: 61: Connection refused.
])
16/04/2015 15:49:36 no working servers, manager -> aggressive
16/04/2015 15:49:36 re-adding ('127.0.0.1', 8003) automatically
16/04/2015 15:49:36 re-adding ('127.0.0.1', 8004) automatically
16/04/2015 15:49:36 re-adding ('127.0.0.1', 8002) automatically
16/04/2015 15:49:36 marking host ('127.0.0.1', 8002) down ([Failure instance: Traceback (failure with no frames): <class 'twisted.internet.error.ConnectionRefusedError'>: Connection was refused by other side: 61: Connection refused.
])
16/04/2015 15:49:36 retrying with ('127.0.0.1', 8003)
16/04/2015 15:49:36 marking host ('127.0.0.1', 8003) down ([Failure instance: Traceback (failure with no frames): <class 'twisted.internet.error.ConnectionRefusedError'>: Connection was refused by other side: 61: Connection refused.
])
16/04/2015 15:49:36 retrying with ('127.0.0.1', 8004)
16/04/2015 15:49:36 marking host ('127.0.0.1', 8004) down ([Failure instance: Traceback (failure with no frames): <class 'twisted.internet.error.ConnectionRefusedError'>: Connection was refused by other side: 61: Connection refused.
])
16/04/2015 15:49:36 no working servers, manager -> aggressive
ADMIN: 1.0.0.127.in-addr.arpa - - [16/Apr/2015 15:49:44] "GET /running HTTP/1.1" 200 -
ADMIN: 1.0.0.127.in-addr.arpa - - [16/Apr/2015 15:49:44] "GET /pydirector.css HTTP/1.1" 200 -
ADMIN: 1.0.0.127.in-addr.arpa - - [16/Apr/2015 15:49:45] "GET /running HTTP/1.1" 200 -
ADMIN: 1.0.0.127.in-addr.arpa - - [16/Apr/2015 15:49:45] "GET /pydirector.css HTTP/1.1" 200 -
ADMIN: 1.0.0.127.in-addr.arpa - - [16/Apr/2015 15:49:51] "GET /running HTTP/1.1" 200 -
ADMIN: 1.0.0.127.in-addr.arpa - - [16/Apr/2015 15:49:51] "GET /pydirector.css HTTP/1.1" 200 -
16/04/2015 15:49:51 re-adding ('127.0.0.1', 8003) automatically
16/04/2015 15:49:51 re-adding ('127.0.0.1', 8004) automatically
16/04/2015 15:49:51 re-adding ('127.0.0.1', 8002) automatically
ADMIN: 1.0.0.127.in-addr.arpa - - [16/Apr/2015 15:49:52] "GET /running.xml HTTP/1.1" 200 -
ADMIN: 1.0.0.127.in-addr.arpa - - [16/Apr/2015 15:49:55] "GET /config.xml HTTP/1.1" 200 -
ADMIN: 1.0.0.127.in-addr.arpa - - [16/Apr/2015 15:49:59] "GET / HTTP/1.1" 200 -
ADMIN: 1.0.0.127.in-addr.arpa - - [16/Apr/2015 15:49:59] "GET /pydirector.css HTTP/1.1" 200 -
ADMIN: 1.0.0.127.in-addr.arpa - - [16/Apr/2015 15:50:01] "GET /running HTTP/1.1" 200 -
ADMIN: 1.0.0.127.in-addr.arpa - - [16/Apr/2015 15:50:01] "GET /pydirector.css HTTP/1.1" 200 -
ADMIN: 1.0.0.127.in-addr.arpa - - [16/Apr/2015 15:50:02] "GET /running?refresh=1&ignore=1429217401.08 HTTP/1.1" 200 -
ADMIN: 1.0.0.127.in-addr.arpa - - [16/Apr/2015 15:50:02] "GET /pydirector.css HTTP/1.1" 200 -
16/04/2015 15:50:07 marking host ('127.0.0.1', 8002) down ([Failure instance: Traceback (failure with no frames): <class 'twisted.internet.error.ConnectionRefusedError'>: Connection was refused by other side: 61: Connection refused.
])
16/04/2015 15:50:07 retrying with ('127.0.0.1', 8003)
16/04/2015 15:50:07 marking host ('127.0.0.1', 8003) down ([Failure instance: Traceback (failure with no frames): <class 'twisted.internet.error.ConnectionRefusedError'>: Connection was refused by other side: 61: Connection refused.
])
16/04/2015 15:50:07 retrying with ('127.0.0.1', 8004)
16/04/2015 15:50:07 marking host ('127.0.0.1', 8004) down ([Failure instance: Traceback (failure with no frames): <class 'twisted.internet.error.ConnectionRefusedError'>: Connection was refused by other side: 61: Connection refused.
])
16/04/2015 15:50:07 no working servers, manager -> aggressive
ADMIN: 1.0.0.127.in-addr.arpa - - [16/Apr/2015 15:50:12] "GET /running?refresh=1&ignore=1429217401.08 HTTP/1.1" 200 -
ADMIN: 1.0.0.127.in-addr.arpa - - [16/Apr/2015 15:50:12] "GET /pydirector.css HTTP/1.1" 200 -
16/04/2015 15:50:21 re-adding ('127.0.0.1', 8003) automatically
16/04/2015 15:50:21 re-adding ('127.0.0.1', 8004) automatically
16/04/2015 15:50:21 re-adding ('127.0.0.1', 8002) automatically
ADMIN: 1.0.0.127.in-addr.arpa - - [16/Apr/2015 15:56:37] "GET / HTTP/1.1" 200 -
ADMIN: 1.0.0.127.in-addr.arpa - - [16/Apr/2015 15:56:37] "GET /pydirector.css HTTP/1.1" 200 -
ADMIN: 1.0.0.127.in-addr.arpa - - [16/Apr/2015 15:57:50] "GET /running HTTP/1.1" 200 -
ADMIN: 1.0.0.127.in-addr.arpa - - [16/Apr/2015 15:57:50] "GET /pydirector.css HTTP/1.1" 200 -
ADMIN: 1.0.0.127.in-addr.arpa - - [16/Apr/2015 15:57:51] "GET /running HTTP/1.1" 200 -
ADMIN: 1.0.0.127.in-addr.arpa - - [16/Apr/2015 15:57:51] "GET /pydirector.css HTTP/1.1" 200 -
ADMIN: 1.0.0.127.in-addr.arpa - - [16/Apr/2015 15:58:00] "GET /running HTTP/1.1" 200 -
ADMIN: 1.0.0.127.in-addr.arpa - - [16/Apr/2015 15:58:00] "GET /pydirector.css HTTP/1.1" 200 -
ADMIN: 1.0.0.127.in-addr.arpa - - [16/Apr/2015 15:58:00] "GET /running HTTP/1.1" 200 -
ADMIN: 1.0.0.127.in-addr.arpa - - [16/Apr/2015 15:58:00] "GET /pydirector.css HTTP/1.1" 200 -
ADMIN: 1.0.0.127.in-addr.arpa - - [16/Apr/2015 15:58:01] "GET /running HTTP/1.1" 200 -
ADMIN: 1.0.0.127.in-addr.arpa - - [16/Apr/2015 15:58:01] "GET /pydirector.css HTTP/1.1" 200 -
ADMIN: 1.0.0.127.in-addr.arpa - - [16/Apr/2015 15:58:01] "GET /running HTTP/1.1" 200 -
ADMIN: 1.0.0.127.in-addr.arpa - - [16/Apr/2015 15:58:01] "GET /pydirector.css HTTP/1.1" 200 -
ADMIN: 1.0.0.127.in-addr.arpa - - [16/Apr/2015 15:58:02] "GET /running?refresh=1&ignore=1429217881.63 HTTP/1.1" 200 -
ADMIN: 1.0.0.127.in-addr.arpa - - [16/Apr/2015 15:58:02] "GET /pydirector.css HTTP/1.1" 200 -
ADMIN: 1.0.0.127.in-addr.arpa - - [16/Apr/2015 15:58:03] "GET /running?ignore=1429217882.87 HTTP/1.1" 200 -
ADMIN: 1.0.0.127.in-addr.arpa - - [16/Apr/2015 15:58:03] "GET /pydirector.css HTTP/1.1" 200 -
ADMIN: 1.0.0.127.in-addr.arpa - - [16/Apr/2015 15:58:03] "GET /running?refresh=1&ignore=1429217883.25 HTTP/1.1" 200 -
ADMIN: 1.0.0.127.in-addr.arpa - - [16/Apr/2015 15:58:03] "GET /pydirector.css HTTP/1.1" 200 -
ADMIN: 1.0.0.127.in-addr.arpa - - [16/Apr/2015 15:58:27] "GET /running?ignore=1429217882.87 HTTP/1.1" 200 -
ADMIN: 1.0.0.127.in-addr.arpa - - [16/Apr/2015 15:58:27] "GET /pydirector.css HTTP/1.1" 200 -
ADMIN: 1.0.0.127.in-addr.arpa - - [16/Apr/2015 15:58:28] "GET /running?ignore=1429217882.87 HTTP/1.1" 200 -
ADMIN: 1.0.0.127.in-addr.arpa - - [16/Apr/2015 15:58:28] "GET /pydirector.css HTTP/1.1" 200 -
ADMIN: 1.0.0.127.in-addr.arpa - - [16/Apr/2015 15:58:51] "GET /running?ignore=1429217882.87 HTTP/1.1" 200 -
ADMIN: 1.0.0.127.in-addr.arpa - - [16/Apr/2015 15:58:51] "GET /pydirector.css HTTP/1.1" 200 -
ADMIN: 1.0.0.127.in-addr.arpa - - [16/Apr/2015 15:58:52] "GET /running?ignore=1429217882.87 HTTP/1.1" 200 -
ADMIN: 1.0.0.127.in-addr.arpa - - [16/Apr/2015 15:58:52] "GET /pydirector.css HTTP/1.1" 200 -
ADMIN: 1.0.0.127.in-addr.arpa - - [16/Apr/2015 15:58:52] "GET /running?ignore=1429217882.87 HTTP/1.1" 200 -
ADMIN: 1.0.0.127.in-addr.arpa - - [16/Apr/2015 15:58:52] "GET /pydirector.css HTTP/1.1" 200 -
ADMIN: 1.0.0.127.in-addr.arpa - - [16/Apr/2015 15:58:53] "GET /running?refresh=1&ignore=1429217932.87 HTTP/1.1" 200 -
ADMIN: 1.0.0.127.in-addr.arpa - - [16/Apr/2015 15:58:53] "GET /pydirector.css HTTP/1.1" 200 -
ADMIN: 1.0.0.127.in-addr.arpa - - [16/Apr/2015 15:58:54] "GET /running?ignore=1429217933.43 HTTP/1.1" 200 -
ADMIN: 1.0.0.127.in-addr.arpa - - [16/Apr/2015 15:58:54] "GET /pydirector.css HTTP/1.1" 200 -
ADMIN: 1.0.0.127.in-addr.arpa - - [16/Apr/2015 15:58:55] "GET /running?refresh=1&ignore=1429217934.41 HTTP/1.1" 200 -
ADMIN: 1.0.0.127.in-addr.arpa - - [16/Apr/2015 15:58:55] "GET /pydirector.css HTTP/1.1" 200 -
ADMIN: 1.0.0.127.in-addr.arpa - - [16/Apr/2015 15:58:55] "GET /running?ignore=1429217935.2 HTTP/1.1" 200 -
ADMIN: 1.0.0.127.in-addr.arpa - - [16/Apr/2015 15:58:55] "GET /pydirector.css HTTP/1.1" 200 -
ADMIN: 1.0.0.127.in-addr.arpa - - [16/Apr/2015 15:58:56] "GET /running?ignore=1429217935.69 HTTP/1.1" 200 -
ADMIN: 1.0.0.127.in-addr.arpa - - [16/Apr/2015 15:58:56] "GET /pydirector.css HTTP/1.1" 200 -
ADMIN: 1.0.0.127.in-addr.arpa - - [16/Apr/2015 15:59:01] "GET /running?refresh=1&ignore=1429217934.41 HTTP/1.1" 200 -
ADMIN: 1.0.0.127.in-addr.arpa - - [16/Apr/2015 15:59:01] "GET /pydirector.css HTTP/1.1" 200 -
ADMIN: 1.0.0.127.in-addr.arpa - - [16/Apr/2015 15:59:08] "GET /running?refresh=1&ignore=1429217934.41 HTTP/1.1" 200 -
ADMIN: 1.0.0.127.in-addr.arpa - - [16/Apr/2015 15:59:08] "GET /pydirector.css HTTP/1.1" 200 -
ADMIN: 1.0.0.127.in-addr.arpa - - [16/Apr/2015 16:20:54] "GET / HTTP/1.1" 401 -
ADMIN: 1.0.0.127.in-addr.arpa - - [16/Apr/2015 16:20:56] "GET / HTTP/1.1" 200 -
ADMIN: 1.0.0.127.in-addr.arpa - - [16/Apr/2015 16:20:56] "GET /pydirector.css HTTP/1.1" 200 -
ADMIN: 1.0.0.127.in-addr.arpa - - [16/Apr/2015 16:20:56] "GET /favicon.ico HTTP/1.1" 404 -
ADMIN: 1.0.0.127.in-addr.arpa - - [16/Apr/2015 16:21:00] "GET /running HTTP/1.1" 200 -
ADMIN: 1.0.0.127.in-addr.arpa - - [16/Apr/2015 16:21:01] "GET /pydirector.css HTTP/1.1" 200 -
ADMIN: 1.0.0.127.in-addr.arpa - - [16/Apr/2015 16:21:04] "GET /running HTTP/1.1" 200 -
ADMIN: 1.0.0.127.in-addr.arpa - - [16/Apr/2015 16:21:04] "GET /pydirector.css HTTP/1.1" 200 -
ADMIN: 1.0.0.127.in-addr.arpa - - [16/Apr/2015 16:22:04] "GET /running?refresh=1&ignore=1429219264.79 HTTP/1.1" 200 -
ADMIN: 1.0.0.127.in-addr.arpa - - [16/Apr/2015 16:22:04] "GET /pydirector.css HTTP/1.1" 200 -
ADMIN: 1.0.0.127.in-addr.arpa - - [17/Apr/2015 15:03:27] "GET /running HTTP/1.1" 401 -
ADMIN: 1.0.0.127.in-addr.arpa - - [17/Apr/2015 15:03:29] "GET /running HTTP/1.1" 200 -
ADMIN: 1.0.0.127.in-addr.arpa - - [17/Apr/2015 15:03:31] "GET /running HTTP/1.1" 200 -
ADMIN: 1.0.0.127.in-addr.arpa - - [17/Apr/2015 15:03:31] "GET /pydirector.css HTTP/1.1" 200 -
ADMIN: 1.0.0.127.in-addr.arpa - - [17/Apr/2015 15:03:31] "GET /favicon.ico HTTP/1.1" 404 -
ADMIN: 1.0.0.127.in-addr.arpa - - [17/Apr/2015 15:04:08] "GET /running HTTP/1.1" 200 -
ADMIN: 1.0.0.127.in-addr.arpa - - [17/Apr/2015 15:04:08] "GET /pydirector.css HTTP/1.1" 200 -
ADMIN: 1.0.0.127.in-addr.arpa - - [17/Apr/2015 15:04:09] "GET /running HTTP/1.1" 200 -
ADMIN: 1.0.0.127.in-addr.arpa - - [17/Apr/2015 15:04:09] "GET /pydirector.css HTTP/1.1" 200 -
ADMIN: 1.0.0.127.in-addr.arpa - - [17/Apr/2015 15:04:11] "GET /running HTTP/1.1" 200 -
ADMIN: 1.0.0.127.in-addr.arpa - - [17/Apr/2015 15:04:11] "GET /pydirector.css HTTP/1.1" 200 -
ADMIN: 1.0.0.127.in-addr.arpa - - [17/Apr/2015 15:04:24] "GET /running HTTP/1.1" 200 -
ADMIN: 1.0.0.127.in-addr.arpa - - [17/Apr/2015 15:04:24] "GET /pydirector.css HTTP/1.1" 200 -
ADMIN: 1.0.0.127.in-addr.arpa - - [17/Apr/2015 15:05:24] "GET /running?refresh=1&ignore=1429301064.07 HTTP/1.1" 200 -
ADMIN: 1.0.0.127.in-addr.arpa - - [17/Apr/2015 15:05:24] "GET /pydirector.css HTTP/1.1" 200 -
ADMIN: 1.0.0.127.in-addr.arpa - - [17/Apr/2015 15:05:37] "GET /running?refresh=1&ignore=1429301064.07 HTTP/1.1" 200 -
ADMIN: 1.0.0.127.in-addr.arpa - - [17/Apr/2015 15:05:37] "GET /pydirector.css HTTP/1.1" 200 -
ADMIN: 1.0.0.127.in-addr.arpa - - [17/Apr/2015 15:05:37] "GET /running?refresh=1&ignore=1429301064.07 HTTP/1.1" 200 -
ADMIN: 1.0.0.127.in-addr.arpa - - [17/Apr/2015 15:05:37] "GET /pydirector.css HTTP/1.1" 200 -
ADMIN: 1.0.0.127.in-addr.arpa - - [17/Apr/2015 15:06:22] "GET /running?refresh=1&ignore=1429301064.07 HTTP/1.1" 200 -
ADMIN: 1.0.0.127.in-addr.arpa - - [17/Apr/2015 15:06:22] "GET /pydirector.css HTTP/1.1" 200 -
ADMIN: 1.0.0.127.in-addr.arpa - - [17/Apr/2015 15:06:23] "GET /running?refresh=1&ignore=1429301064.07 HTTP/1.1" 200 -
ADMIN: 1.0.0.127.in-addr.arpa - - [17/Apr/2015 15:06:23] "GET /pydirector.css HTTP/1.1" 200 -
ADMIN: 1.0.0.127.in-addr.arpa - - [17/Apr/2015 15:06:23] "GET /running?refresh=1&ignore=1429301064.07 HTTP/1.1" 200 -
ADMIN: 1.0.0.127.in-addr.arpa - - [17/Apr/2015 15:06:23] "GET /pydirector.css HTTP/1.1" 200 -
ADMIN: 1.0.0.127.in-addr.arpa - - [17/Apr/2015 15:07:14] "GET /running?refresh=1&ignore=1429301064.07 HTTP/1.1" 200 -
ADMIN: 1.0.0.127.in-addr.arpa - - [17/Apr/2015 15:07:14] "GET /pydirector.css HTTP/1.1" 200 -
ADMIN: 1.0.0.127.in-addr.arpa - - [17/Apr/2015 15:07:16] "GET /running?refresh=1&ignore=1429301064.07 HTTP/1.1" 200 -
ADMIN: 1.0.0.127.in-addr.arpa - - [17/Apr/2015 15:07:16] "GET /pydirector.css HTTP/1.1" 200 -
ADMIN: 1.0.0.127.in-addr.arpa - - [17/Apr/2015 15:07:17] "GET /running?refresh=1&ignore=1429301064.07 HTTP/1.1" 200 -
ADMIN: 1.0.0.127.in-addr.arpa - - [17/Apr/2015 15:07:17] "GET /pydirector.css HTTP/1.1" 200 -
ADMIN: 1.0.0.127.in-addr.arpa - - [17/Apr/2015 15:08:17] "GET /running?refresh=1&ignore=1429301237.29 HTTP/1.1" 200 -
ADMIN: 1.0.0.127.in-addr.arpa - - [17/Apr/2015 15:08:17] "GET /pydirector.css HTTP/1.1" 200 -
ADMIN: 1.0.0.127.in-addr.arpa - - [17/Apr/2015 15:09:17] "GET /running?refresh=1&ignore=1429301297.36 HTTP/1.1" 200 -
ADMIN: 1.0.0.127.in-addr.arpa - - [17/Apr/2015 15:09:17] "GET /pydirector.css HTTP/1.1" 200 -
ADMIN: 1.0.0.127.in-addr.arpa - - [17/Apr/2015 15:10:17] "GET /running?refresh=1&ignore=1429301357.47 HTTP/1.1" 200 -
ADMIN: 1.0.0.127.in-addr.arpa - - [17/Apr/2015 15:10:17] "GET /pydirector.css HTTP/1.1" 200 -
ADMIN: 1.0.0.127.in-addr.arpa - - [17/Apr/2015 15:11:52] "GET /running?refresh=1&ignore=1429301417.56 HTTP/1.1" 200 -
ADMIN: 1.0.0.127.in-addr.arpa - - [17/Apr/2015 15:11:52] "GET /pydirector.css HTTP/1.1" 200 -
ADMIN: 1.0.0.127.in-addr.arpa - - [17/Apr/2015 15:13:27] "GET /running?refresh=1&ignore=1429301512.81 HTTP/1.1" 200 -
ADMIN: 1.0.0.127.in-addr.arpa - - [17/Apr/2015 15:13:28] "GET /pydirector.css HTTP/1.1" 200 -
ADMIN: 1.0.0.127.in-addr.arpa - - [17/Apr/2015 15:14:28] "GET /running?refresh=1&ignore=1429301608.0 HTTP/1.1" 200 -
ADMIN: 1.0.0.127.in-addr.arpa - - [17/Apr/2015 15:14:28] "GET /pydirector.css HTTP/1.1" 200 -
ADMIN: 1.0.0.127.in-addr.arpa - - [17/Apr/2015 15:15:28] "GET /running?refresh=1&ignore=1429301668.06 HTTP/1.1" 200 -
ADMIN: 1.0.0.127.in-addr.arpa - - [17/Apr/2015 15:15:28] "GET /pydirector.css HTTP/1.1" 200 -
ADMIN: 1.0.0.127.in-addr.arpa - - [17/Apr/2015 15:16:28] "GET /running?refresh=1&ignore=1429301728.14 HTTP/1.1" 200 -
ADMIN: 1.0.0.127.in-addr.arpa - - [17/Apr/2015 15:16:28] "GET /pydirector.css HTTP/1.1" 200 -
ADMIN: 1.0.0.127.in-addr.arpa - - [17/Apr/2015 15:17:36] "GET /running?refresh=1&ignore=1429301728.14 HTTP/1.1" 200 -
ADMIN: 1.0.0.127.in-addr.arpa - - [17/Apr/2015 15:17:37] "GET /pydirector.css HTTP/1.1" 200 -
ADMIN: 1.0.0.127.in-addr.arpa - - [17/Apr/2015 15:17:37] "GET /running?refresh=1&ignore=1429301728.14 HTTP/1.1" 200 -
ADMIN: 1.0.0.127.in-addr.arpa - - [17/Apr/2015 15:17:38] "GET /pydirector.css HTTP/1.1" 200 -
ADMIN: 1.0.0.127.in-addr.arpa - - [17/Apr/2015 15:18:09] "GET /running?refresh=1&ignore=1429301728.14 HTTP/1.1" 200 -
ADMIN: 1.0.0.127.in-addr.arpa - - [17/Apr/2015 15:18:09] "GET /pydirector.css HTTP/1.1" 200 -
ADMIN: 1.0.0.127.in-addr.arpa - - [17/Apr/2015 15:18:10] "GET /running?refresh=1&ignore=1429301728.14 HTTP/1.1" 200 -
ADMIN: 1.0.0.127.in-addr.arpa - - [17/Apr/2015 15:18:10] "GET /pydirector.css HTTP/1.1" 200 -
ADMIN: 1.0.0.127.in-addr.arpa - - [17/Apr/2015 15:18:22] "GET /running?refresh=1&ignore=1429301728.14 HTTP/1.1" 200 -
ADMIN: 1.0.0.127.in-addr.arpa - - [17/Apr/2015 15:18:22] "GET /pydirector.css HTTP/1.1" 200 -
ADMIN: 1.0.0.127.in-addr.arpa - - [17/Apr/2015 15:18:23] "GET /running?refresh=1&ignore=1429301728.14 HTTP/1.1" 200 -
ADMIN: 1.0.0.127.in-addr.arpa - - [17/Apr/2015 15:18:23] "GET /pydirector.css HTTP/1.1" 200 -
ADMIN: 1.0.0.127.in-addr.arpa - - [17/Apr/2015 15:18:25] "GET /running?refresh=1&ignore=1429301728.14 HTTP/1.1" 200 -
ADMIN: 1.0.0.127.in-addr.arpa - - [17/Apr/2015 15:18:25] "GET /pydirector.css HTTP/1.1" 200 -
ADMIN: 1.0.0.127.in-addr.arpa - - [17/Apr/2015 15:18:25] "GET /running?refresh=1&ignore=1429301728.14 HTTP/1.1" 200 -
ADMIN: 1.0.0.127.in-addr.arpa - - [17/Apr/2015 15:18:25] "GET /pydirector.css HTTP/1.1" 200 -
ADMIN: 1.0.0.127.in-addr.arpa - - [17/Apr/2015 15:18:28] "GET /running?refresh=1&ignore=1429301728.14 HTTP/1.1" 200 -
ADMIN: 1.0.0.127.in-addr.arpa - - [17/Apr/2015 15:18:28] "GET /pydirector.css HTTP/1.1" 200 -
ADMIN: 1.0.0.127.in-addr.arpa - - [17/Apr/2015 15:19:27] "GET /running?refresh=1&ignore=1429301728.14 HTTP/1.1" 200 -
ADMIN: 1.0.0.127.in-addr.arpa - - [17/Apr/2015 15:19:27] "GET /pydirector.css HTTP/1.1" 200 -
ADMIN: 1.0.0.127.in-addr.arpa - - [17/Apr/2015 15:19:27] "GET /running?refresh=1&ignore=1429301728.14 HTTP/1.1" 200 -
ADMIN: 1.0.0.127.in-addr.arpa - - [17/Apr/2015 15:19:27] "GET /pydirector.css HTTP/1.1" 200 -
ADMIN: 1.0.0.127.in-addr.arpa - - [17/Apr/2015 15:20:27] "GET /running?refresh=1&ignore=1429301967.63 HTTP/1.1" 200 -
ADMIN: 1.0.0.127.in-addr.arpa - - [17/Apr/2015 15:20:27] "GET /pydirector.css HTTP/1.1" 200 -
ADMIN: 1.0.0.127.in-addr.arpa - - [17/Apr/2015 15:22:08] "GET /running?refresh=1&ignore=1429301967.63 HTTP/1.1" 200 -
ADMIN: 1.0.0.127.in-addr.arpa - - [17/Apr/2015 15:22:08] "GET /pydirector.css HTTP/1.1" 200 -
ADMIN: 1.0.0.127.in-addr.arpa - - [17/Apr/2015 15:22:28] "GET /running?refresh=1&ignore=1429301967.63 HTTP/1.1" 200 -
ADMIN: 1.0.0.127.in-addr.arpa - - [17/Apr/2015 15:22:28] "GET /pydirector.css HTTP/1.1" 200 -
ADMIN: 1.0.0.127.in-addr.arpa - - [17/Apr/2015 15:22:42] "GET /running?refresh=1&ignore=1429301967.63 HTTP/1.1" 200 -
ADMIN: 1.0.0.127.in-addr.arpa - - [17/Apr/2015 15:22:42] "GET /pydirector.css HTTP/1.1" 200 -
ADMIN: 1.0.0.127.in-addr.arpa - - [17/Apr/2015 15:22:43] "GET /running?refresh=1&ignore=1429301967.63 HTTP/1.1" 200 -
ADMIN: 1.0.0.127.in-addr.arpa - - [17/Apr/2015 15:22:43] "GET /pydirector.css HTTP/1.1" 200 -
ADMIN: 1.0.0.127.in-addr.arpa - - [17/Apr/2015 15:23:26] "GET /running?refresh=1&ignore=1429301967.63 HTTP/1.1" 200 -
ADMIN: 1.0.0.127.in-addr.arpa - - [17/Apr/2015 15:23:26] "GET /pydirector.css HTTP/1.1" 200 -
ADMIN: 1.0.0.127.in-addr.arpa - - [17/Apr/2015 15:23:27] "GET /running?refresh=1&ignore=1429301967.63 HTTP/1.1" 200 -
ADMIN: 1.0.0.127.in-addr.arpa - - [17/Apr/2015 15:23:27] "GET /pydirector.css HTTP/1.1" 200 -
ADMIN: 1.0.0.127.in-addr.arpa - - [17/Apr/2015 15:24:23] "GET /running?refresh=1&ignore=1429301967.63 HTTP/1.1" 200 -
ADMIN: 1.0.0.127.in-addr.arpa - - [17/Apr/2015 15:24:23] "GET /pydirector.css HTTP/1.1" 200 -
ADMIN: 1.0.0.127.in-addr.arpa - - [17/Apr/2015 15:24:23] "GET /running?refresh=1&ignore=1429301967.63 HTTP/1.1" 200 -
ADMIN: 1.0.0.127.in-addr.arpa - - [17/Apr/2015 15:24:23] "GET /pydirector.css HTTP/1.1" 200 -
ADMIN: 1.0.0.127.in-addr.arpa - - [17/Apr/2015 15:25:23] "GET /running?refresh=1&ignore=1429302263.63 HTTP/1.1" 200 -
ADMIN: 1.0.0.127.in-addr.arpa - - [17/Apr/2015 15:25:23] "GET /pydirector.css HTTP/1.1" 200 -
ADMIN: 1.0.0.127.in-addr.arpa - - [17/Apr/2015 15:26:58] "GET /running?refresh=1&ignore=1429302323.69 HTTP/1.1" 200 -
ADMIN: 1.0.0.127.in-addr.arpa - - [17/Apr/2015 15:26:58] "GET /pydirector.css HTTP/1.1" 200 -
ADMIN: 1.0.0.127.in-addr.arpa - - [17/Apr/2015 15:27:58] "GET /running?refresh=1&ignore=1429302418.91 HTTP/1.1" 200 -
ADMIN: 1.0.0.127.in-addr.arpa - - [17/Apr/2015 15:27:59] "GET /pydirector.css HTTP/1.1" 200 -
ADMIN: 1.0.0.127.in-addr.arpa - - [17/Apr/2015 15:28:59] "GET /running?refresh=1&ignore=1429302479.0 HTTP/1.1" 200 -
ADMIN: 1.0.0.127.in-addr.arpa - - [17/Apr/2015 15:28:59] "GET /pydirector.css HTTP/1.1" 200 -
ADMIN: 1.0.0.127.in-addr.arpa - - [17/Apr/2015 15:35:02] "GET /running?refresh=1&ignore=1429302539.08 HTTP/1.1" 200 -
ADMIN: 1.0.0.127.in-addr.arpa - - [17/Apr/2015 15:35:02] "GET /pydirector.css HTTP/1.1" 200 -
ADMIN: 1.0.0.127.in-addr.arpa - - [17/Apr/2015 15:35:22] "GET /running?refresh=1&ignore=1429302539.08 HTTP/1.1" 200 -
ADMIN: 1.0.0.127.in-addr.arpa - - [17/Apr/2015 15:35:22] "GET /pydirector.css HTTP/1.1" 200 -
ADMIN: 1.0.0.127.in-addr.arpa - - [17/Apr/2015 15:35:23] "GET /running?refresh=1&ignore=1429302539.08 HTTP/1.1" 200 -
ADMIN: 1.0.0.127.in-addr.arpa - - [17/Apr/2015 15:35:23] "GET /pydirector.css HTTP/1.1" 200 -
ADMIN: 1.0.0.127.in-addr.arpa - - [17/Apr/2015 15:35:24] "GET /running?refresh=1&ignore=1429302539.08 HTTP/1.1" 200 -
ADMIN: 1.0.0.127.in-addr.arpa - - [17/Apr/2015 15:35:24] "GET /pydirector.css HTTP/1.1" 200 -
ADMIN: 1.0.0.127.in-addr.arpa - - [17/Apr/2015 15:35:24] "GET /running?refresh=1&ignore=1429302539.08 HTTP/1.1" 200 -
ADMIN: 1.0.0.127.in-addr.arpa - - [17/Apr/2015 15:35:24] "GET /pydirector.css HTTP/1.1" 200 -
ADMIN: 1.0.0.127.in-addr.arpa - - [17/Apr/2015 15:35:25] "GET /running?refresh=1&ignore=1429302539.08 HTTP/1.1" 200 -
ADMIN: 1.0.0.127.in-addr.arpa - - [17/Apr/2015 15:35:25] "GET /pydirector.css HTTP/1.1" 200 -
ADMIN: 1.0.0.127.in-addr.arpa - - [17/Apr/2015 15:35:26] "GET /running?refresh=1&ignore=1429302539.08 HTTP/1.1" 200 -
ADMIN: 1.0.0.127.in-addr.arpa - - [17/Apr/2015 15:35:26] "GET /pydirector.css HTTP/1.1" 200 -
ADMIN: 1.0.0.127.in-addr.arpa - - [17/Apr/2015 15:35:28] "GET /running?refresh=1&ignore=1429302539.08 HTTP/1.1" 200 -
ADMIN: 1.0.0.127.in-addr.arpa - - [17/Apr/2015 15:35:28] "GET /pydirector.css HTTP/1.1" 200 -
ADMIN: 1.0.0.127.in-addr.arpa - - [17/Apr/2015 15:35:29] "GET /running?refresh=1&ignore=1429302539.08 HTTP/1.1" 200 -
ADMIN: 1.0.0.127.in-addr.arpa - - [17/Apr/2015 15:35:29] "GET /pydirector.css HTTP/1.1" 200 -
ADMIN: 1.0.0.127.in-addr.arpa - - [17/Apr/2015 15:36:29] "GET /running?refresh=1&ignore=1429302929.57 HTTP/1.1" 200 -
ADMIN: 1.0.0.127.in-addr.arpa - - [17/Apr/2015 15:36:29] "GET /pydirector.css HTTP/1.1" 200 -
ADMIN: 1.0.0.127.in-addr.arpa - - [17/Apr/2015 15:37:02] "GET /running?refresh=1&ignore=1429302929.57 HTTP/1.1" 200 -
ADMIN: 1.0.0.127.in-addr.arpa - - [17/Apr/2015 15:37:02] "GET /pydirector.css HTTP/1.1" 200 -
ADMIN: 1.0.0.127.in-addr.arpa - - [17/Apr/2015 15:37:03] "GET /running?refresh=1&ignore=1429302929.57 HTTP/1.1" 200 -
ADMIN: 1.0.0.127.in-addr.arpa - - [17/Apr/2015 15:37:03] "GET /pydirector.css HTTP/1.1" 200 -
ADMIN: 1.0.0.127.in-addr.arpa - - [17/Apr/2015 15:38:03] "GET /running?refresh=1&ignore=1429303023.66 HTTP/1.1" 200 -
ADMIN: 1.0.0.127.in-addr.arpa - - [17/Apr/2015 15:38:03] "GET /pydirector.css HTTP/1.1" 200 -
ADMIN: 1.0.0.127.in-addr.arpa - - [17/Apr/2015 15:38:08] "GET /running?refresh=1&ignore=1429303023.66 HTTP/1.1" 200 -
ADMIN: 1.0.0.127.in-addr.arpa - - [17/Apr/2015 15:38:08] "GET /pydirector.css HTTP/1.1" 200 -
ADMIN: 1.0.0.127.in-addr.arpa - - [17/Apr/2015 15:38:09] "GET /running?refresh=1&ignore=1429303023.66 HTTP/1.1" 200 -
ADMIN: 1.0.0.127.in-addr.arpa - - [17/Apr/2015 15:38:09] "GET /pydirector.css HTTP/1.1" 200 -
ADMIN: 1.0.0.127.in-addr.arpa - - [24/Apr/2015 21:57:33] "GET /running HTTP/1.1" 401 -
ADMIN: 1.0.0.127.in-addr.arpa - - [24/Apr/2015 21:57:34] "GET /running HTTP/1.1" 200 -
ADMIN: 1.0.0.127.in-addr.arpa - - [24/Apr/2015 21:57:34] "GET /pydirector.css HTTP/1.1" 200 -
ADMIN: 1.0.0.127.in-addr.arpa - - [24/Apr/2015 21:57:35] "GET /favicon.ico HTTP/1.1" 404 -
ADMIN: 1.0.0.127.in-addr.arpa - - [24/Apr/2015 21:57:37] "GET /running HTTP/1.1" 200 -
ADMIN: 1.0.0.127.in-addr.arpa - - [24/Apr/2015 21:57:37] "GET /pydirector.css HTTP/1.1" 200 -
ADMIN: 1.0.0.127.in-addr.arpa - - [24/Apr/2015 21:57:52] "GET /running HTTP/1.1" 200 -
ADMIN: 1.0.0.127.in-addr.arpa - - [24/Apr/2015 21:57:53] "GET /pydirector.css HTTP/1.1" 200 -
ADMIN: 1.0.0.127.in-addr.arpa - - [24/Apr/2015 21:58:01] "GET /running HTTP/1.1" 200 -
ADMIN: 1.0.0.127.in-addr.arpa - - [24/Apr/2015 21:58:01] "GET /pydirector.css HTTP/1.1" 200 -
